2015-08-18 09:11:45,015 - Starting Apache Velocity v1.6.4 (compiled: 2010-04-27 15:31:23)
2015-08-18 09:11:45,015 - Default Properties File: org/apache/velocity/runtime/defaults/velocity.properties
2015-08-18 09:11:45,016 - Trying to use logger class org.apache.velocity.runtime.log.AvalonLogChute
2015-08-18 09:11:45,016 - Target log system for org.apache.velocity.runtime.log.AvalonLogChute is not available (java.lang.NoClassDefFoundError: org/apache/log/format/Formatter).  Falling back to next log system...
2015-08-18 09:11:45,016 - Trying to use logger class org.apache.velocity.runtime.log.Log4JLogChute
2015-08-18 09:11:45,016 - Using logger class org.apache.velocity.runtime.log.Log4JLogChute
2015-08-18 09:11:45,016 - ResourceLoader instantiated: org.apache.velocity.runtime.resource.loader.FileResourceLoader
2015-08-18 09:11:45,017 - Do unicode file recognition:  false
2015-08-18 09:11:45,017 - FileResourceLoader : adding path './..//template.web/src/main/java/com/dumpcache/template/web/action/demo'
2015-08-18 09:11:45,017 - ResourceCache: initialized (class org.apache.velocity.runtime.resource.ResourceCacheImpl) with class java.util.Collections$SynchronizedMap cache map.
2015-08-18 09:11:45,018 - Loaded System Directive: org.apache.velocity.runtime.directive.Define
2015-08-18 09:11:45,018 - Loaded System Directive: org.apache.velocity.runtime.directive.Break
2015-08-18 09:11:45,018 - Loaded System Directive: org.apache.velocity.runtime.directive.Evaluate
2015-08-18 09:11:45,018 - Loaded System Directive: org.apache.velocity.runtime.directive.Literal
2015-08-18 09:11:45,018 - Loaded System Directive: org.apache.velocity.runtime.directive.Macro
2015-08-18 09:11:45,018 - Loaded System Directive: org.apache.velocity.runtime.directive.Parse
2015-08-18 09:11:45,019 - Loaded System Directive: org.apache.velocity.runtime.directive.Include
2015-08-18 09:11:45,019 - Loaded System Directive: org.apache.velocity.runtime.directive.Foreach
2015-08-18 09:11:45,019 - Velocity was not initialized! Calling init()...
2015-08-18 09:11:45,019 - Velocity was not initialized! Calling init()...
2015-08-18 09:11:45,019 - Velocity was not initialized! Calling init()...
2015-08-18 09:11:45,019 - Velocity was not initialized! Calling init()...
2015-08-18 09:11:45,020 - Velocity was not initialized! Calling init()...
2015-08-18 09:11:45,020 - Velocity was not initialized! Calling init()...
2015-08-18 09:11:45,020 - Velocity was not initialized! Calling init()...
2015-08-18 09:11:45,020 - Velocity was not initialized! Calling init()...
2015-08-18 09:11:45,020 - Velocity was not initialized! Calling init()...
2015-08-18 09:11:45,020 - Velocity was not initialized! Calling init()...
2015-08-18 09:11:45,021 - Velocity was not initialized! Calling init()...
2015-08-18 09:11:45,021 - Velocity was not initialized! Calling init()...
2015-08-18 09:11:45,021 - Velocity was not initialized! Calling init()...
2015-08-18 09:11:45,021 - Velocity was not initialized! Calling init()...
2015-08-18 09:11:45,021 - Velocity was not initialized! Calling init()...
2015-08-18 09:11:45,021 - Velocity was not initialized! Calling init()...
2015-08-18 09:11:45,022 - Velocity was not initialized! Calling init()...
2015-08-18 09:11:45,022 - Velocity was not initialized! Calling init()...
2015-08-18 09:11:45,022 - Velocity was not initialized! Calling init()...
2015-08-18 09:11:45,022 - Velocity was not initialized! Calling init()...
2015-08-18 09:11:45,022 - Created '20' parsers.
2015-08-18 09:11:45,022 - Velocimacro : "velocimacro.library" is not set.  Trying default library: VM_global_library.vm
2015-08-18 09:11:45,022 - Velocity was not initialized! Calling init()...
2015-08-18 09:11:45,023 - Velocimacro : Default library not found.
2015-08-18 09:11:45,023 - Velocimacro : allowInline = true : VMs can be defined inline in templates
2015-08-18 09:11:45,023 - Velocimacro : allowInlineToOverride = false : VMs defined inline may NOT replace previous VM definitions
2015-08-18 09:11:45,023 - Velocimacro : allowInlineLocal = false : VMs defined inline will be global in scope if allowed.
2015-08-18 09:11:45,023 - Velocimacro : autoload off : VM system will not automatically reload global library macros
2015-08-18 09:11:45,024 - ResourceManager : found RestfulAction.java.vm with loader org.apache.velocity.runtime.resource.loader.FileResourceLoader
2015-08-18 09:11:45,026 - Log4JLogChute initialized using file 'velocity.log'
2015-08-18 09:11:45,026 - Starting Apache Velocity v1.6.4 (compiled: 2010-04-27 15:31:23)
2015-08-18 09:11:45,026 - Default Properties File: org/apache/velocity/runtime/defaults/velocity.properties
2015-08-18 09:11:45,026 - Trying to use logger class org.apache.velocity.runtime.log.AvalonLogChute
2015-08-18 09:11:45,026 - Target log system for org.apache.velocity.runtime.log.AvalonLogChute is not available (java.lang.NoClassDefFoundError: org/apache/log/format/Formatter).  Falling back to next log system...
2015-08-18 09:11:45,027 - Trying to use logger class org.apache.velocity.runtime.log.Log4JLogChute
2015-08-18 09:11:45,027 - Using logger class org.apache.velocity.runtime.log.Log4JLogChute
2015-08-18 09:11:45,027 - ResourceLoader instantiated: org.apache.velocity.runtime.resource.loader.FileResourceLoader
2015-08-18 09:11:45,027 - Do unicode file recognition:  false
2015-08-18 09:11:45,027 - FileResourceLoader : adding path './..//template.web/src/main/java/com/dumpcache/template/web/vo/demo'
2015-08-18 09:11:45,027 - ResourceCache: initialized (class org.apache.velocity.runtime.resource.ResourceCacheImpl) with class java.util.Collections$SynchronizedMap cache map.
2015-08-18 09:11:45,028 - Loaded System Directive: org.apache.velocity.runtime.directive.Define
2015-08-18 09:11:45,028 - Loaded System Directive: org.apache.velocity.runtime.directive.Break
2015-08-18 09:11:45,028 - Loaded System Directive: org.apache.velocity.runtime.directive.Evaluate
2015-08-18 09:11:45,028 - Loaded System Directive: org.apache.velocity.runtime.directive.Literal
2015-08-18 09:11:45,029 - Loaded System Directive: org.apache.velocity.runtime.directive.Macro
2015-08-18 09:11:45,029 - Loaded System Directive: org.apache.velocity.runtime.directive.Parse
2015-08-18 09:11:45,029 - Loaded System Directive: org.apache.velocity.runtime.directive.Include
2015-08-18 09:11:45,029 - Loaded System Directive: org.apache.velocity.runtime.directive.Foreach
2015-08-18 09:11:45,029 - Velocity was not initialized! Calling init()...
2015-08-18 09:11:45,029 - Velocity was not initialized! Calling init()...
2015-08-18 09:11:45,029 - Velocity was not initialized! Calling init()...
2015-08-18 09:11:45,030 - Velocity was not initialized! Calling init()...
2015-08-18 09:11:45,030 - Velocity was not initialized! Calling init()...
2015-08-18 09:11:45,030 - Velocity was not initialized! Calling init()...
2015-08-18 09:11:45,030 - Velocity was not initialized! Calling init()...
2015-08-18 09:11:45,030 - Velocity was not initialized! Calling init()...
2015-08-18 09:11:45,030 - Velocity was not initialized! Calling init()...
2015-08-18 09:11:45,031 - Velocity was not initialized! Calling init()...
2015-08-18 09:11:45,031 - Velocity was not initialized! Calling init()...
2015-08-18 09:11:45,031 - Velocity was not initialized! Calling init()...
2015-08-18 09:11:45,031 - Velocity was not initialized! Calling init()...
2015-08-18 09:11:45,031 - Velocity was not initialized! Calling init()...
2015-08-18 09:11:45,031 - Velocity was not initialized! Calling init()...
2015-08-18 09:11:45,032 - Velocity was not initialized! Calling init()...
2015-08-18 09:11:45,032 - Velocity was not initialized! Calling init()...
2015-08-18 09:11:45,032 - Velocity was not initialized! Calling init()...
2015-08-18 09:11:45,032 - Velocity was not initialized! Calling init()...
2015-08-18 09:11:45,032 - Velocity was not initialized! Calling init()...
2015-08-18 09:11:45,032 - Created '20' parsers.
2015-08-18 09:11:45,033 - Velocimacro : "velocimacro.library" is not set.  Trying default library: VM_global_library.vm
2015-08-18 09:11:45,033 - Velocity was not initialized! Calling init()...
2015-08-18 09:11:45,033 - Velocimacro : Default library not found.
2015-08-18 09:11:45,034 - Velocimacro : allowInline = true : VMs can be defined inline in templates
2015-08-18 09:11:45,034 - Velocimacro : allowInlineToOverride = false : VMs defined inline may NOT replace previous VM definitions
2015-08-18 09:11:45,034 - Velocimacro : allowInlineLocal = false : VMs defined inline will be global in scope if allowed.
2015-08-18 09:11:45,034 - Velocimacro : autoload off : VM system will not automatically reload global library macros
2015-08-18 09:11:45,035 - ResourceManager : found Student.java.vm with loader org.apache.velocity.runtime.resource.loader.FileResourceLoader
2015-08-18 09:11:45,038 - Log4JLogChute initialized using file 'velocity.log'
2015-08-18 09:11:45,038 - Starting Apache Velocity v1.6.4 (compiled: 2010-04-27 15:31:23)
2015-08-18 09:11:45,038 - Default Properties File: org/apache/velocity/runtime/defaults/velocity.properties
2015-08-18 09:11:45,038 - Trying to use logger class org.apache.velocity.runtime.log.AvalonLogChute
2015-08-18 09:11:45,039 - Target log system for org.apache.velocity.runtime.log.AvalonLogChute is not available (java.lang.NoClassDefFoundError: org/apache/log/format/Formatter).  Falling back to next log system...
2015-08-18 09:11:45,039 - Trying to use logger class org.apache.velocity.runtime.log.Log4JLogChute
2015-08-18 09:11:45,039 - Using logger class org.apache.velocity.runtime.log.Log4JLogChute
2015-08-18 09:11:45,039 - ResourceLoader instantiated: org.apache.velocity.runtime.resource.loader.FileResourceLoader
2015-08-18 09:11:45,040 - Do unicode file recognition:  false
2015-08-18 09:11:45,040 - FileResourceLoader : adding path './..//template.web/src/main/webapp/WEB-INF'
2015-08-18 09:11:45,040 - ResourceCache: initialized (class org.apache.velocity.runtime.resource.ResourceCacheImpl) with class java.util.Collections$SynchronizedMap cache map.
2015-08-18 09:11:45,041 - Loaded System Directive: org.apache.velocity.runtime.directive.Define
2015-08-18 09:11:45,041 - Loaded System Directive: org.apache.velocity.runtime.directive.Break
2015-08-18 09:11:45,041 - Loaded System Directive: org.apache.velocity.runtime.directive.Evaluate
2015-08-18 09:11:45,041 - Loaded System Directive: org.apache.velocity.runtime.directive.Literal
2015-08-18 09:11:45,041 - Loaded System Directive: org.apache.velocity.runtime.directive.Macro
2015-08-18 09:11:45,042 - Loaded System Directive: org.apache.velocity.runtime.directive.Parse
2015-08-18 09:11:45,042 - Loaded System Directive: org.apache.velocity.runtime.directive.Include
2015-08-18 09:11:45,042 - Loaded System Directive: org.apache.velocity.runtime.directive.Foreach
2015-08-18 09:11:45,042 - Velocity was not initialized! Calling init()...
2015-08-18 09:11:45,043 - Velocity was not initialized! Calling init()...
2015-08-18 09:11:45,065 - Velocity was not initialized! Calling init()...
2015-08-18 09:11:45,065 - Velocity was not initialized! Calling init()...
2015-08-18 09:11:45,065 - Velocity was not initialized! Calling init()...
che: initialized (class org.apache.velocity.runtime.resource.ResourceCacheImpl) with class java.util.Collections$SynchronizedMap cache map.
2015-08-18 09:11:45,040 - ResourceCache: initialized (class org.apache.velocity.runtime.resource.ResourceCacheImpl) with class java.util.Collections$SynchronizedMap cache map.
2015-08-18 09:11:45,041 - Loaded System Directive: org.apache.velocity.runtime.directive.Define
2015-08-18 09:11:45,041 - Loaded System Directive: org.apache.velocity.runtime.directive.Define
2015-08-18 09:11:45,041 - Loaded System Directive: org.apache.velocity.runtime.directive.Break
2015-08-18 09:11:45,041 - Loaded System Directive: org.apache.velocity.runtime.directive.Break
2015-08-18 09:11:45,041 - Loaded System Directive: org.apache.velocity.runtime.directive.Evaluate
2015-08-18 09:11:45,041 - Loaded System Directive: org.apache.velocity.runtime.directive.Evaluate
2015-08-18 09:11:45,041 - Loaded System Directive: org.apache.velocity.runtime.directive.Literal
2015-08-18 09:11:45,041 - Loaded System Directive: org.apache.velocity.runtime.directive.Literal
2015-08-18 09:11:45,041 - Loaded System Directive: org.apache.velocity.runtime.directive.Macro
2015-08-18 09:11:45,041 - Loaded System Directive: org.apache.velocity.runtime.directive.Macro
2015-08-18 09:11:45,042 - Loaded System Directive: org.apache.velocity.runtime.directive.Parse
2015-08-18 09:11:45,042 - Loaded System Directive: org.apache.velocity.runtime.directive.Parse
2015-08-18 09:11:45,042 - Loaded System Directive: org.apache.velocity.runtime.directive.Include
2015-08-18 09:11:45,042 - Loaded System Directive: org.apache.velocity.runtime.directive.Include
2015-08-18 09:11:45,042 - Loaded System Directive: org.apache.velocity.runtime.directive.Foreach
2015-08-18 09:11:45,042 - Loaded System Directive: org.apache.velocity.runtime.directive.Foreach
2015-08-18 09:11:45,042 - Velocity was not initialized! Calling init()...
2015-08-18 09:11:45,042 - Velocity was not initialized! Calling init()...
2015-08-18 09:11:45,043 - Velocity was not initialized! Calling init()...
2015-08-18 09:11:45,043 - Velocity was not initialized! Calling init()...
2015-08-18 09:11:45,065 - Velocity was not initialized! Calling init()...
2015-08-18 09:11:45,065 - Velocity was not initialized! Calling init()...
2015-08-18 09:11:45,065 - Velocity was not initialized! Calling init()...
2015-08-18 09:11:45,065 - Velocity was not initialized! Calling init()...
2015-08-18 09:11:45,065 - Velocity was not initialized! Calling init()...
2015-08-18 09:11:45,066 - Velocity was not initialized! Calling init()...
2015-08-18 09:11:45,066 - Velocity was not initialized! Calling init()...
2015-08-18 09:11:45,066 - Velocity was not initialized! Calling init()...
2015-08-18 09:11:45,066 - Velocity was not initialized! Calling init()...
2015-08-18 09:11:45,066 - Velocity was not initialized! Calling init()...
2015-08-18 09:11:45,066 - Velocity was not initialized! Calling init()...
2015-08-18 09:11:45,066 - Velocity was not initialized! Calling init()...
2015-08-18 09:11:45,067 - Velocity was not initialized! Calling init()...
2015-08-18 09:11:45,067 - Velocity was not initialized! Calling init()...
2015-08-18 09:11:45,067 - Velocity was not initialized! Calling init()...
2015-08-18 09:11:45,067 - Velocity was not initialized! Calling init()...
2015-08-18 09:11:45,067 - Velocity was not initialized! Calling init()...
2015-08-18 09:11:45,067 - Velocity was not initialized! Calling init()...
2015-08-18 09:11:45,067 - Velocity was not initialized! Calling init()...
2015-08-18 09:11:45,067 - Velocity was not initialized! Calling init()...
2015-08-18 09:11:45,067 - Created '20' parsers.
2015-08-18 09:11:45,067 - Velocimacro : "velocimacro.library" is not set.  Trying default library: VM_global_library.vm
2015-08-18 09:11:45,067 - Velocity was not initialized! Calling init()...
2015-08-18 09:11:45,069 - Velocimacro : Default library not found.
2015-08-18 09:11:45,069 - Velocimacro : allowInline = true : VMs can be defined inline in templates
2015-08-18 09:11:45,069 - Velocimacro : allowInlineToOverride = false : VMs defined inline may NOT replace previous VM definitions
2015-08-18 09:11:45,069 - Velocimacro : allowInlineLocal = false : VMs defined inline will be global in scope if allowed.
2015-08-18 09:11:45,069 - Velocimacro : autoload off : VM system will not automatically reload global library macros
2015-08-18 09:11:45,070 - ResourceManager : found dispatcher-servlet.xml.vm with loader org.apache.velocity.runtime.resource.loader.FileResourceLoader
2015-08-18 09:11:45,080 - Log4JLogChute initialized using file 'velocity.log'
2015-08-18 09:11:45,080 - Log4JLogChute initialized using file 'velocity.log'
2015-08-18 09:11:45,080 - Starting Apache Velocity v1.6.4 (compiled: 2010-04-27 15:31:23)
2015-08-18 09:11:45,080 - Starting Apache Velocity v1.6.4 (compiled: 2010-04-27 15:31:23)
2015-08-18 09:11:45,080 - Default Properties File: org/apache/velocity/runtime/defaults/velocity.properties
2015-08-18 09:11:45,080 - Default Properties File: org/apache/velocity/runtime/defaults/velocity.properties
2015-08-18 09:11:45,080 - Trying to use logger class org.apache.velocity.runtime.log.AvalonLogChute
2015-08-18 09:11:45,080 - Trying to use logger class org.apache.velocity.runtime.log.AvalonLogChute
2015-08-18 09:11:45,080 - Target log system for org.apache.velocity.runtime.log.AvalonLogChute is not available (java.lang.NoClassDefFoundError: org/apache/log/format/Formatter).  Falling back to next log system...
2015-08-18 09:11:45,080 - Target log system for org.apache.velocity.runtime.log.AvalonLogChute is not available (java.lang.NoClassDefFoundError: org/apache/log/format/Formatter).  Falling back to next log system...
2015-08-18 09:11:45,081 - Trying to use logger class org.apache.velocity.runtime.log.Log4JLogChute
2015-08-18 09:11:45,081 - Trying to use logger class org.apache.velocity.runtime.log.Log4JLogChute
2015-08-18 09:11:45,081 - Using logger class org.apache.velocity.runtime.log.Log4JLogChute
2015-08-18 09:11:45,081 - Using logger class org.apache.velocity.runtime.log.Log4JLogChute
2015-08-18 09:11:45,081 - ResourceLoader instantiated: org.apache.velocity.runtime.resource.loader.FileResourceLoader
2015-08-18 09:11:45,081 - ResourceLoader instantiated: org.apache.velocity.runtime.resource.loader.FileResourceLoader
2015-08-18 09:11:45,081 - Do unicode file recognition:  false
2015-08-18 09:11:45,081 - Do unicode file recognition:  false
2015-08-18 09:11:45,081 - FileResourceLoader : adding path './..//template.web'
2015-08-18 09:11:45,081 - FileResourceLoader : adding path './..//template.web'
2015-08-18 09:11:45,081 - ResourceCache: initialized (class org.apache.velocity.runtime.resource.ResourceCacheImpl) with class java.util.Collections$SynchronizedMap cache map.
2015-08-18 09:11:45,081 - ResourceCache: initialized (class org.apache.velocity.runtime.resource.ResourceCacheImpl) with class java.util.Collections$SynchronizedMap cache map.
2015-08-18 09:11:45,082 - Loaded System Directive: org.apache.velocity.runtime.directive.Define
2015-08-18 09:11:45,082 - Loaded System Directive: org.apache.velocity.runtime.directive.Define
2015-08-18 09:11:45,082 - Loaded System Directive: org.apache.velocity.runtime.directive.Break
2015-08-18 09:11:45,082 - Loaded System Directive: org.apache.velocity.runtime.directive.Break
2015-08-18 09:11:45,082 - Loaded System Directive: org.apache.velocity.runtime.directive.Evaluate
2015-08-18 09:11:45,082 - Loaded System Directive: org.apache.velocity.runtime.directive.Evaluate
2015-08-18 09:11:45,082 - Loaded System Directive: org.apache.velocity.runtime.directive.Literal
2015-08-18 09:11:45,082 - Loaded System Directive: org.apache.velocity.runtime.directive.Literal
2015-08-18 09:11:45,082 - Loaded System Directive: org.apache.velocity.runtime.directive.Macro
2015-08-18 09:11:45,082 - Loaded System Directive: org.apache.velocity.runtime.directive.Macro
2015-08-18 09:11:45,082 - Loaded System Directive: org.apache.velocity.runtime.directive.Parse
2015-08-18 09:11:45,082 - Loaded System Directive: org.apache.velocity.runtime.directive.Parse
2015-08-18 09:11:45,082 - Loaded System Directive: org.apache.velocity.runtime.directive.Include
2015-08-18 09:11:45,082 - Loaded System Directive: org.apache.velocity.runtime.directive.Include
2015-08-18 09:11:45,082 - Loaded System Directive: org.apache.velocity.runtime.directive.Foreach
2015-08-18 09:11:45,082 - Loaded System Directive: org.apache.velocity.runtime.directive.Foreach
2015-08-18 09:11:45,082 - Velocity was not initialized! Calling init()...
2015-08-18 09:11:45,082 - Velocity was not initialized! Calling init()...
2015-08-18 09:11:45,082 - Velocity was not initialized! Calling init()...
2015-08-18 09:11:45,082 - Velocity was not initialized! Calling init()...
2015-08-18 09:11:45,082 - Velocity was not initialized! Calling init()...
2015-08-18 09:11:45,082 - Velocity was not initialized! Calling init()...
2015-08-18 09:11:45,082 - Velocity was not initialized! Calling init()...
2015-08-18 09:11:45,082 - Velocity was not initialized! Calling init()...
2015-08-18 09:11:45,082 - Velocity was not initialized! Calling init()...
2015-08-18 09:11:45,082 - Velocity was not initialized! Calling init()...
2015-08-18 09:11:45,083 - Velocity was not initialized! Calling init()...
2015-08-18 09:11:45,083 - Velocity was not initialized! Calling init()...
2015-08-18 09:11:45,083 - Velocity was not initialized! Calling init()...
2015-08-18 09:11:45,083 - Velocity was not initialized! Calling init()...
2015-08-18 09:11:45,083 - Velocity was not initialized! Calling init()...
2015-08-18 09:11:45,083 - Velocity was not initialized! Calling init()...
2015-08-18 09:11:45,083 - Velocity was not initialized! Calling init()...
2015-08-18 09:11:45,083 - Velocity was not initialized! Calling init()...
2015-08-18 09:11:45,083 - Velocity was not initialized! Calling init()...
2015-08-18 09:11:45,083 - Velocity was not initialized! Calling init()...
2015-08-18 09:11:45,083 - Velocity was not initialized! Calling init()...
2015-08-18 09:11:45,083 - Velocity was not initialized! Calling init()...
2015-08-18 09:11:45,083 - Velocity was not initialized! Calling init()...
2015-08-18 09:11:45,083 - Velocity was not initialized! Calling init()...
2015-08-18 09:11:45,083 - Velocity was not initialized! Calling init()...
2015-08-18 09:11:45,083 - Velocity was not initialized! Calling init()...
2015-08-18 09:11:45,083 - Velocity was not initialized! Calling init()...
2015-08-18 09:11:45,083 - Velocity was not initialized! Calling init()...
2015-08-18 09:11:45,083 - Velocity was not initialized! Calling init()...
2015-08-18 09:11:45,083 - Velocity was not initialized! Calling init()...
2015-08-18 09:11:45,083 - Velocity was not initialized! Calling init()...
2015-08-18 09:11:45,083 - Velocity was not initialized! Calling init()...
2015-08-18 09:11:45,083 - Velocity was not initialized! Calling init()...
2015-08-18 09:11:45,083 - Velocity was not initialized! Calling init()...
2015-08-18 09:11:45,083 - Velocity was not initialized! Calling init()...
2015-08-18 09:11:45,083 - Velocity was not initialized! Calling init()...
2015-08-18 09:11:45,084 - Velocity was not initialized! Calling init()...
2015-08-18 09:11:45,084 - Velocity was not initialized! Calling init()...
2015-08-18 09:11:45,084 - Velocity was not initialized! Calling init()...
2015-08-18 09:11:45,084 - Velocity was not initialized! Calling init()...
2015-08-18 09:11:45,084 - Created '20' parsers.
2015-08-18 09:11:45,084 - Created '20' parsers.
2015-08-18 09:11:45,084 - Velocimacro : "velocimacro.library" is not set.  Trying default library: VM_global_library.vm
2015-08-18 09:11:45,084 - Velocimacro : "velocimacro.library" is not set.  Trying default library: VM_global_library.vm
2015-08-18 09:11:45,084 - Velocity was not initialized! Calling init()...
2015-08-18 09:11:45,084 - Velocity was not initialized! Calling init()...
2015-08-18 09:11:45,084 - Velocimacro : Default library not found.
2015-08-18 09:11:45,084 - Velocimacro : Default library not found.
2015-08-18 09:11:45,084 - Velocimacro : allowInline = true : VMs can be defined inline in templates
2015-08-18 09:11:45,084 - Velocimacro : allowInline = true : VMs can be defined inline in templates
2015-08-18 09:11:45,084 - Velocimacro : allowInlineToOverride = false : VMs defined inline may NOT replace previous VM definitions
2015-08-18 09:11:45,084 - Velocimacro : allowInlineToOverride = false : VMs defined inline may NOT replace previous VM definitions
2015-08-18 09:11:45,084 - Velocimacro : allowInlineLocal = false : VMs defined inline will be global in scope if allowed.
2015-08-18 09:11:45,084 - Velocimacro : allowInlineLocal = false : VMs defined inline will be global in scope if allowed.
2015-08-18 09:11:45,084 - Velocimacro : autoload off : VM system will not automatically reload global library macros
2015-08-18 09:11:45,084 - Velocimacro : autoload off : VM system will not automatically reload global library macros
2015-08-18 09:11:45,086 - ResourceManager : found pom.xml.vm with loader org.apache.velocity.runtime.resource.loader.FileResourceLoader
2015-08-18 09:11:45,086 - ResourceManager : found pom.xml.vm with loader org.apache.velocity.runtime.resource.loader.FileResourceLoader
2015-08-18 09:11:45,086 - Null reference [template 'pom.xml.vm', line 19, column 12] : ${pom.version} cannot be resolved.
2015-08-18 09:11:45,086 - Null reference [template 'pom.xml.vm', line 19, column 12] : ${pom.version} cannot be resolved.
2015-08-18 09:11:45,086 - Null reference [template 'pom.xml.vm', line 24, column 12] : ${pom.version} cannot be resolved.
2015-08-18 09:11:45,086 - Null reference [template 'pom.xml.vm', line 24, column 12] : ${pom.version} cannot be resolved.
2015-08-18 09:11:45,086 - Null reference [template 'pom.xml.vm', line 29, column 12] : ${pom.version} cannot be resolved.
2015-08-18 09:11:45,086 - Null reference [template 'pom.xml.vm', line 29, column 12] : ${pom.version} cannot be resolved.
2015-08-18 09:11:45,086 - Null reference [template 'pom.xml.vm', line 34, column 12] : ${pom.version} cannot be resolved.
2015-08-18 09:11:45,086 - Null reference [template 'pom.xml.vm', line 34, column 12] : ${pom.version} cannot be resolved.
2015-08-18 09:11:45,087 - Null reference [template 'pom.xml.vm', line 60, column 39] : ${pom.version} cannot be resolved.
2015-08-18 09:11:45,087 - Null reference [template 'pom.xml.vm', line 60, column 39] : ${pom.version} cannot be resolved.
2015-08-18 09:11:45,089 - Log4JLogChute initialized using file 'velocity.log'
2015-08-18 09:11:45,089 - Log4JLogChute initialized using file 'velocity.log'
2015-08-18 09:11:45,089 - Log4JLogChute initialized using file 'velocity.log'
2015-08-18 09:11:45,089 - Starting Apache Velocity v1.6.4 (compiled: 2010-04-27 15:31:23)
2015-08-18 09:11:45,089 - Starting Apache Velocity v1.6.4 (compiled: 2010-04-27 15:31:23)
2015-08-18 09:11:45,089 - Starting Apache Velocity v1.6.4 (compiled: 2010-04-27 15:31:23)
2015-08-18 09:11:45,089 - Default Properties File: org/apache/velocity/runtime/defaults/velocity.properties
2015-08-18 09:11:45,089 - Default Properties File: org/apache/velocity/runtime/defaults/velocity.properties
2015-08-18 09:11:45,089 - Default Properties File: org/apache/velocity/runtime/defaults/velocity.properties
2015-08-18 09:11:45,089 - Trying to use logger class org.apache.velocity.runtime.log.AvalonLogChute
2015-08-18 09:11:45,089 - Trying to use logger class org.apache.velocity.runtime.log.AvalonLogChute
2015-08-18 09:11:45,089 - Trying to use logger class org.apache.velocity.runtime.log.AvalonLogChute
2015-08-18 09:11:45,089 - Target log system for org.apache.velocity.runtime.log.AvalonLogChute is not available (java.lang.NoClassDefFoundError: org/apache/log/format/Formatter).  Falling back to next log system...
2015-08-18 09:11:45,089 - Target log system for org.apache.velocity.runtime.log.AvalonLogChute is not available (java.lang.NoClassDefFoundError: org/apache/log/format/Formatter).  Falling back to next log system...
2015-08-18 09:11:45,089 - Target log system for org.apache.velocity.runtime.log.AvalonLogChute is not available (java.lang.NoClassDefFoundError: org/apache/log/format/Formatter).  Falling back to next log system...
2015-08-18 09:11:45,089 - Trying to use logger class org.apache.velocity.runtime.log.Log4JLogChute
2015-08-18 09:11:45,089 - Trying to use logger class org.apache.velocity.runtime.log.Log4JLogChute
2015-08-18 09:11:45,089 - Trying to use logger class org.apache.velocity.runtime.log.Log4JLogChute
2015-08-18 09:11:45,089 - Using logger class org.apache.velocity.runtime.log.Log4JLogChute
2015-08-18 09:11:45,089 - Using logger class org.apache.velocity.runtime.log.Log4JLogChute
2015-08-18 09:11:45,089 - Using logger class org.apache.velocity.runtime.log.Log4JLogChute
2015-08-18 09:11:45,089 - ResourceLoader instantiated: org.apache.velocity.runtime.resource.loader.FileResourceLoader
2015-08-18 09:11:45,089 - ResourceLoader instantiated: org.apache.velocity.runtime.resource.loader.FileResourceLoader
2015-08-18 09:11:45,089 - ResourceLoader instantiated: org.apache.velocity.runtime.resource.loader.FileResourceLoader
2015-08-18 09:11:45,089 - Do unicode file recognition:  false
2015-08-18 09:11:45,089 - Do unicode file recognition:  false
2015-08-18 09:11:45,089 - Do unicode file recognition:  false
2015-08-18 09:11:45,089 - FileResourceLoader : adding path './..//template.deploy/conf/nginx'
2015-08-18 09:11:45,089 - FileResourceLoader : adding path './..//template.deploy/conf/nginx'
2015-08-18 09:11:45,089 - FileResourceLoader : adding path './..//template.deploy/conf/nginx'
2015-08-18 09:11:45,090 - ResourceCache: initialized (class org.apache.velocity.runtime.resource.ResourceCacheImpl) with class java.util.Collections$SynchronizedMap cache map.
2015-08-18 09:11:45,090 - ResourceCache: initialized (class org.apache.velocity.runtime.resource.ResourceCacheImpl) with class java.util.Collections$SynchronizedMap cache map.
2015-08-18 09:11:45,090 - ResourceCache: initialized (class org.apache.velocity.runtime.resource.ResourceCacheImpl) with class java.util.Collections$SynchronizedMap cache map.
2015-08-18 09:11:45,090 - Loaded System Directive: org.apache.velocity.runtime.directive.Define
2015-08-18 09:11:45,090 - Loaded System Directive: org.apache.velocity.runtime.directive.Define
2015-08-18 09:11:45,090 - Loaded System Directive: org.apache.velocity.runtime.directive.Define
2015-08-18 09:11:45,090 - Loaded System Directive: org.apache.velocity.runtime.directive.Break
2015-08-18 09:11:45,090 - Loaded System Directive: org.apache.velocity.runtime.directive.Break
2015-08-18 09:11:45,090 - Loaded System Directive: org.apache.velocity.runtime.directive.Break
2015-08-18 09:11:45,091 - Loaded System Directive: org.apache.velocity.runtime.directive.Evaluate
2015-08-18 09:11:45,091 - Loaded System Directive: org.apache.velocity.runtime.directive.Evaluate
2015-08-18 09:11:45,091 - Loaded System Directive: org.apache.velocity.runtime.directive.Evaluate
2015-08-18 09:11:45,091 - Loaded System Directive: org.apache.velocity.runtime.directive.Literal
2015-08-18 09:11:45,091 - Loaded System Directive: org.apache.velocity.runtime.directive.Literal
2015-08-18 09:11:45,091 - Loaded System Directive: org.apache.velocity.runtime.directive.Literal
2015-08-18 09:11:45,091 - Loaded System Directive: org.apache.velocity.runtime.directive.Macro
2015-08-18 09:11:45,091 - Loaded System Directive: org.apache.velocity.runtime.directive.Macro
2015-08-18 09:11:45,091 - Loaded System Directive: org.apache.velocity.runtime.directive.Macro
2015-08-18 09:11:45,091 - Loaded System Directive: org.apache.velocity.runtime.directive.Parse
2015-08-18 09:11:45,091 - Loaded System Directive: org.apache.velocity.runtime.directive.Parse
2015-08-18 09:11:45,091 - Loaded System Directive: org.apache.velocity.runtime.directive.Parse
2015-08-18 09:11:45,091 - Loaded System Directive: org.apache.velocity.runtime.directive.Include
2015-08-18 09:11:45,091 - Loaded System Directive: org.apache.velocity.runtime.directive.Include
2015-08-18 09:11:45,091 - Loaded System Directive: org.apache.velocity.runtime.directive.Include
2015-08-18 09:11:45,091 - Loaded System Directive: org.apache.velocity.runtime.directive.Foreach
2015-08-18 09:11:45,091 - Loaded System Directive: org.apache.velocity.runtime.directive.Foreach
2015-08-18 09:11:45,091 - Loaded System Directive: org.apache.velocity.runtime.directive.Foreach
2015-08-18 09:11:45,091 - Velocity was not initialized! Calling init()...
2015-08-18 09:11:45,091 - Velocity was not initialized! Calling init()...
2015-08-18 09:11:45,091 - Velocity was not initialized! Calling init()...
2015-08-18 09:11:45,091 - Velocity was not initialized! Calling init()...
2015-08-18 09:11:45,091 - Velocity was not initialized! Calling init()...
2015-08-18 09:11:45,091 - Velocity was not initialized! Calling init()...
2015-08-18 09:11:45,091 - Velocity was not initialized! Calling init()...
2015-08-18 09:11:45,091 - Velocity was not initialized! Calling init()...
2015-08-18 09:11:45,091 - Velocity was not initialized! Calling init()...
2015-08-18 09:11:45,091 - Velocity was not initialized! Calling init()...
2015-08-18 09:11:45,091 - Velocity was not initialized! Calling init()...
2015-08-18 09:11:45,091 - Velocity was not initialized! Calling init()...
2015-08-18 09:11:45,091 - Velocity was not initialized! Calling init()...
2015-08-18 09:11:45,091 - Velocity was not initialized! Calling init()...
2015-08-18 09:11:45,091 - Velocity was not initialized! Calling init()...
2015-08-18 09:11:45,091 - Velocity was not initialized! Calling init()...
2015-08-18 09:11:45,091 - Velocity was not initialized! Calling init()...
2015-08-18 09:11:45,091 - Velocity was not initialized! Calling init()...
2015-08-18 09:11:45,092 - Velocity was not initialized! Calling init()...
2015-08-18 09:11:45,092 - Velocity was not initialized! Calling init()...
2015-08-18 09:11:45,092 - Velocity was not initialized! Calling init()...
2015-08-18 09:11:45,092 - Velocity was not initialized! Calling init()...
2015-08-18 09:11:45,092 - Velocity was not initialized! Calling init()...
2015-08-18 09:11:45,092 - Velocity was not initialized! Calling init()...
2015-08-18 09:11:45,092 - Velocity was not initialized! Calling init()...
2015-08-18 09:11:45,092 - Velocity was not initialized! Calling init()...
2015-08-18 09:11:45,092 - Velocity was not initialized! Calling init()...
2015-08-18 09:11:45,092 - Velocity was not initialized! Calling init()...
2015-08-18 09:11:45,092 - Velocity was not initialized! Calling init()...
2015-08-18 09:11:45,092 - Velocity was not initialized! Calling init()...
2015-08-18 09:11:45,092 - Velocity was not initialized! Calling init()...
2015-08-18 09:11:45,092 - Velocity was not initialized! Calling init()...
2015-08-18 09:11:45,092 - Velocity was not initialized! Calling init()...
2015-08-18 09:11:45,092 - Velocity was not initialized! Calling init()...
2015-08-18 09:11:45,092 - Velocity was not initialized! Calling init()...
2015-08-18 09:11:45,092 - Velocity was not initialized! Calling init()...
2015-08-18 09:11:45,092 - Velocity was not initialized! Calling init()...
2015-08-18 09:11:45,092 - Velocity was not initialized! Calling init()...
2015-08-18 09:11:45,092 - Velocity was not initialized! Calling init()...
2015-08-18 09:11:45,092 - Velocity was not initialized! Calling init()...
2015-08-18 09:11:45,092 - Velocity was not initialized! Calling init()...
2015-08-18 09:11:45,092 - Velocity was not initialized! Calling init()...
2015-08-18 09:11:45,092 - Velocity was not initialized! Calling init()...
2015-08-18 09:11:45,092 - Velocity was not initialized! Calling init()...
2015-08-18 09:11:45,092 - Velocity was not initialized! Calling init()...
2015-08-18 09:11:45,092 - Velocity was not initialized! Calling init()...
2015-08-18 09:11:45,092 - Velocity was not initialized! Calling init()...
2015-08-18 09:11:45,092 - Velocity was not initialized! Calling init()...
2015-08-18 09:11:45,093 - Velocity was not initialized! Calling init()...
2015-08-18 09:11:45,093 - Velocity was not initialized! Calling init()...
2015-08-18 09:11:45,093 - Velocity was not initialized! Calling init()...
2015-08-18 09:11:45,093 - Velocity was not initialized! Calling init()...
2015-08-18 09:11:45,093 - Velocity was not initialized! Calling init()...
2015-08-18 09:11:45,093 - Velocity was not initialized! Calling init()...
2015-08-18 09:11:45,093 - Velocity was not initialized! Calling init()...
2015-08-18 09:11:45,093 - Velocity was not initialized! Calling init()...
2015-08-18 09:11:45,093 - Velocity was not initialized! Calling init()...
2015-08-18 09:11:45,093 - Velocity was not initialized! Calling init()...
2015-08-18 09:11:45,093 - Velocity was not initialized! Calling init()...
2015-08-18 09:11:45,093 - Velocity was not initialized! Calling init()...
2015-08-18 09:11:45,093 - Created '20' parsers.
2015-08-18 09:11:45,093 - Created '20' parsers.
2015-08-18 09:11:45,093 - Created '20' parsers.
2015-08-18 09:11:45,093 - Velocimacro : "velocimacro.library" is not set.  Trying default library: VM_global_library.vm
2015-08-18 09:11:45,093 - Velocimacro : "velocimacro.library" is not set.  Trying default library: VM_global_library.vm
2015-08-18 09:11:45,093 - Velocimacro : "velocimacro.library" is not set.  Trying default library: VM_global_library.vm
2015-08-18 09:11:45,093 - Velocity was not initialized! Calling init()...
2015-08-18 09:11:45,093 - Velocity was not initialized! Calling init()...
2015-08-18 09:11:45,093 - Velocity was not initialized! Calling init()...
2015-08-18 09:11:45,094 - Velocimacro : Default library not found.
2015-08-18 09:11:45,094 - Velocimacro : Default library not found.
2015-08-18 09:11:45,094 - Velocimacro : Default library not found.
2015-08-18 09:11:45,094 - Velocimacro : allowInline = true : VMs can be defined inline in templates
2015-08-18 09:11:45,094 - Velocimacro : allowInline = true : VMs can be defined inline in templates
2015-08-18 09:11:45,094 - Velocimacro : allowInline = true : VMs can be defined inline in templates
2015-08-18 09:11:45,094 - Velocimacro : allowInlineToOverride = false : VMs defined inline may NOT replace previous VM definitions
2015-08-18 09:11:45,094 - Velocimacro : allowInlineToOverride = false : VMs defined inline may NOT replace previous VM definitions
2015-08-18 09:11:45,094 - Velocimacro : allowInlineToOverride = false : VMs defined inline may NOT replace previous VM definitions
2015-08-18 09:11:45,094 - Velocimacro : allowInlineLocal = false : VMs defined inline will be global in scope if allowed.
2015-08-18 09:11:45,094 - Velocimacro : allowInlineLocal = false : VMs defined inline will be global in scope if allowed.
2015-08-18 09:11:45,094 - Velocimacro : allowInlineLocal = false : VMs defined inline will be global in scope if allowed.
2015-08-18 09:11:45,094 - Velocimacro : autoload off : VM system will not automatically reload global library macros
2015-08-18 09:11:45,094 - Velocimacro : autoload off : VM system will not automatically reload global library macros
2015-08-18 09:11:45,094 - Velocimacro : autoload off : VM system will not automatically reload global library macros
2015-08-18 09:11:45,099 - ResourceManager : found nginx.conf.vm with loader org.apache.velocity.runtime.resource.loader.FileResourceLoader
2015-08-18 09:11:45,099 - ResourceManager : found nginx.conf.vm with loader org.apache.velocity.runtime.resource.loader.FileResourceLoader
2015-08-18 09:11:45,099 - ResourceManager : found nginx.conf.vm with loader org.apache.velocity.runtime.resource.loader.FileResourceLoader
2015-08-18 09:11:45,099 - Null reference [template 'nginx.conf.vm', line 6, column 12] : ${app.log.dir.path} cannot be resolved.
2015-08-18 09:11:45,099 - Null reference [template 'nginx.conf.vm', line 6, column 12] : ${app.log.dir.path} cannot be resolved.
2015-08-18 09:11:45,099 - Null reference [template 'nginx.conf.vm', line 6, column 12] : ${app.log.dir.path} cannot be resolved.
2015-08-18 09:11:45,099 - Null reference [template 'nginx.conf.vm', line 24, column 38] : $host cannot be resolved.
2015-08-18 09:11:45,099 - Null reference [template 'nginx.conf.vm', line 24, column 38] : $host cannot be resolved.
2015-08-18 09:11:45,099 - Null reference [template 'nginx.conf.vm', line 24, column 38] : $host cannot be resolved.
2015-08-18 09:11:45,099 - Null reference [template 'nginx.conf.vm', line 24, column 44] : ${app.listen.port} cannot be resolved.
2015-08-18 09:11:45,099 - Null reference [template 'nginx.conf.vm', line 24, column 44] : ${app.listen.port} cannot be resolved.
2015-08-18 09:11:45,099 - Null reference [template 'nginx.conf.vm', line 24, column 44] : ${app.listen.port} cannot be resolved.
2015-08-18 09:11:45,099 - Null reference [template 'nginx.conf.vm', line 26, column 43] : $remote_addr cannot be resolved.
2015-08-18 09:11:45,099 - Null reference [template 'nginx.conf.vm', line 26, column 43] : $remote_addr cannot be resolved.
2015-08-18 09:11:45,099 - Null reference [template 'nginx.conf.vm', line 26, column 43] : $remote_addr cannot be resolved.
2015-08-18 09:11:45,100 - Null reference [template 'nginx.conf.vm', line 28, column 51] : $proxy_add_x_forwarded_for cannot be resolved.
2015-08-18 09:11:45,100 - Null reference [template 'nginx.conf.vm', line 28, column 51] : $proxy_add_x_forwarded_for cannot be resolved.
2015-08-18 09:11:45,100 - Null reference [template 'nginx.conf.vm', line 28, column 51] : $proxy_add_x_forwarded_for cannot be resolved.
2015-08-18 09:11:45,100 - Null reference [template 'nginx.conf.vm', line 48, column 24] : $remote_addr cannot be resolved.
2015-08-18 09:11:45,100 - Null reference [template 'nginx.conf.vm', line 48, column 24] : $remote_addr cannot be resolved.
2015-08-18 09:11:45,100 - Null reference [template 'nginx.conf.vm', line 48, column 24] : $remote_addr cannot be resolved.
2015-08-18 09:11:45,100 - Null reference [template 'nginx.conf.vm', line 48, column 39] : $remote_user cannot be resolved.
2015-08-18 09:11:45,100 - Null reference [template 'nginx.conf.vm', line 48, column 39] : $remote_user cannot be resolved.
2015-08-18 09:11:45,100 - Null reference [template 'nginx.conf.vm', line 48, column 39] : $remote_user cannot be resolved.
2015-08-18 09:11:45,100 - Null reference [template 'nginx.conf.vm', line 48, column 53] : $time_local cannot be resolved.
2015-08-18 09:11:45,100 - Null reference [template 'nginx.conf.vm', line 48, column 53] : $time_local cannot be resolved.
2015-08-18 09:11:45,100 - Null reference [template 'nginx.conf.vm', line 48, column 53] : $time_local cannot be resolved.
2015-08-18 09:11:45,100 - Null reference [template 'nginx.conf.vm', line 48, column 67] : $request cannot be resolved.
2015-08-18 09:11:45,100 - Null reference [template 'nginx.conf.vm', line 48, column 67] : $request cannot be resolved.
2015-08-18 09:11:45,100 - Null reference [template 'nginx.conf.vm', line 48, column 67] : $request cannot be resolved.
2015-08-18 09:11:45,100 - Null reference [template 'nginx.conf.vm', line 49, column 24] : $status cannot be resolved.
2015-08-18 09:11:45,100 - Null reference [template 'nginx.conf.vm', line 49, column 24] : $status cannot be resolved.
2015-08-18 09:11:45,100 - Null reference [template 'nginx.conf.vm', line 49, column 24] : $status cannot be resolved.
2015-08-18 09:11:45,100 - Null reference [template 'nginx.conf.vm', line 49, column 32] : $body_bytes_sent cannot be resolved.
2015-08-18 09:11:45,100 - Null reference [template 'nginx.conf.vm', line 49, column 32] : $body_bytes_sent cannot be resolved.
2015-08-18 09:11:45,100 - Null reference [template 'nginx.conf.vm', line 49, column 32] : $body_bytes_sent cannot be resolved.
2015-08-18 09:11:45,100 - Null reference [template 'nginx.conf.vm', line 49, column 50] : $http_referer cannot be resolved.
2015-08-18 09:11:45,100 - Null reference [template 'nginx.conf.vm', line 49, column 50] : $http_referer cannot be resolved.
2015-08-18 09:11:45,100 - Null reference [template 'nginx.conf.vm', line 49, column 50] : $http_referer cannot be resolved.
2015-08-18 09:11:45,100 - Null reference [template 'nginx.conf.vm', line 50, column 25] : $http_user_agent cannot be resolved.
2015-08-18 09:11:45,100 - Null reference [template 'nginx.conf.vm', line 50, column 25] : $http_user_agent cannot be resolved.
2015-08-18 09:11:45,100 - Null reference [template 'nginx.conf.vm', line 50, column 25] : $http_user_agent cannot be resolved.
2015-08-18 09:11:45,100 - Null reference [template 'nginx.conf.vm', line 50, column 44] : $http_x_forwarded_for cannot be resolved.
2015-08-18 09:11:45,100 - Null reference [template 'nginx.conf.vm', line 50, column 44] : $http_x_forwarded_for cannot be resolved.
2015-08-18 09:11:45,100 - Null reference [template 'nginx.conf.vm', line 50, column 44] : $http_x_forwarded_for cannot be resolved.
2015-08-18 09:11:45,100 - Null reference [template 'nginx.conf.vm', line 52, column 17] : ${app.log.dir.path} cannot be resolved.
2015-08-18 09:11:45,100 - Null reference [template 'nginx.conf.vm', line 52, column 17] : ${app.log.dir.path} cannot be resolved.
2015-08-18 09:11:45,100 - Null reference [template 'nginx.conf.vm', line 52, column 17] : ${app.log.dir.path} cannot be resolved.
2015-08-18 09:11:45,100 - Null reference [template 'nginx.conf.vm', line 67, column 22] : ${app.listen.port} cannot be resolved.
2015-08-18 09:11:45,100 - Null reference [template 'nginx.conf.vm', line 67, column 22] : ${app.listen.port} cannot be resolved.
2015-08-18 09:11:45,100 - Null reference [template 'nginx.conf.vm', line 67, column 22] : ${app.listen.port} cannot be resolved.
2015-08-18 09:11:45,100 - Null reference [template 'nginx.conf.vm', line 68, column 22] : ${app.domain.name} cannot be resolved.
2015-08-18 09:11:45,100 - Null reference [template 'nginx.conf.vm', line 68, column 22] : ${app.domain.name} cannot be resolved.
2015-08-18 09:11:45,100 - Null reference [template 'nginx.conf.vm', line 68, column 22] : ${app.domain.name} cannot be resolved.
2015-08-18 09:11:45,101 - Null reference [template 'nginx.conf.vm', line 75, column 39] : $host cannot be resolved.
2015-08-18 09:11:45,101 - Null reference [template 'nginx.conf.vm', line 75, column 39] : $host cannot be resolved.
2015-08-18 09:11:45,101 - Null reference [template 'nginx.conf.vm', line 75, column 39] : $host cannot be resolved.
2015-08-18 09:11:45,101 - Null reference [template 'nginx.conf.vm', line 76, column 50] : $proxy_add_x_forwarded_for cannot be resolved.
2015-08-18 09:11:45,101 - Null reference [template 'nginx.conf.vm', line 76, column 50] : $proxy_add_x_forwarded_for cannot be resolved.
2015-08-18 09:11:45,101 - Null reference [template 'nginx.conf.vm', line 76, column 50] : $proxy_add_x_forwarded_for cannot be resolved.
2015-08-18 09:11:45,101 - Null reference [template 'nginx.conf.vm', line 77, column 44] : $remote_addr cannot be resolved.
2015-08-18 09:11:45,101 - Null reference [template 'nginx.conf.vm', line 77, column 44] : $remote_addr cannot be resolved.
2015-08-18 09:11:45,101 - Null reference [template 'nginx.conf.vm', line 77, column 44] : $remote_addr cannot be resolved.
2015-08-18 09:11:45,101 - Null reference [template 'nginx.conf.vm', line 81, column 24] : ${app.static.dir} cannot be resolved.
2015-08-18 09:11:45,101 - Null reference [template 'nginx.conf.vm', line 81, column 24] : ${app.static.dir} cannot be resolved.
2015-08-18 09:11:45,101 - Null reference [template 'nginx.conf.vm', line 81, column 24] : ${app.static.dir} cannot be resolved.
2015-08-18 09:11:45,101 - Null reference [template 'nginx.conf.vm', line 112, column 54] : $fastcgi_script_name cannot be resolved.
2015-08-18 09:11:45,101 - Null reference [template 'nginx.conf.vm', line 112, column 54] : $fastcgi_script_name cannot be resolved.
2015-08-18 09:11:45,101 - Null reference [template 'nginx.conf.vm', line 112, column 54] : $fastcgi_script_name cannot be resolved.
2015-08-18 09:11:45,103 - Log4JLogChute initialized using file 'velocity.log'
2015-08-18 09:11:45,103 - Log4JLogChute initialized using file 'velocity.log'
2015-08-18 09:11:45,103 - Log4JLogChute initialized using file 'velocity.log'
2015-08-18 09:11:45,103 - Log4JLogChute initialized using file 'velocity.log'
2015-08-18 09:11:45,103 - Starting Apache Velocity v1.6.4 (compiled: 2010-04-27 15:31:23)
2015-08-18 09:11:45,103 - Starting Apache Velocity v1.6.4 (compiled: 2010-04-27 15:31:23)
2015-08-18 09:11:45,103 - Starting Apache Velocity v1.6.4 (compiled: 2010-04-27 15:31:23)
2015-08-18 09:11:45,103 - Starting Apache Velocity v1.6.4 (compiled: 2010-04-27 15:31:23)
2015-08-18 09:11:45,103 - Default Properties File: org/apache/velocity/runtime/defaults/velocity.properties
2015-08-18 09:11:45,103 - Default Properties File: org/apache/velocity/runtime/defaults/velocity.properties
2015-08-18 09:11:45,103 - Default Properties File: org/apache/velocity/runtime/defaults/velocity.properties
2015-08-18 09:11:45,103 - Default Properties File: org/apache/velocity/runtime/defaults/velocity.properties
2015-08-18 09:11:45,103 - Trying to use logger class org.apache.velocity.runtime.log.AvalonLogChute
2015-08-18 09:11:45,103 - Trying to use logger class org.apache.velocity.runtime.log.AvalonLogChute
2015-08-18 09:11:45,103 - Trying to use logger class org.apache.velocity.runtime.log.AvalonLogChute
2015-08-18 09:11:45,103 - Trying to use logger class org.apache.velocity.runtime.log.AvalonLogChute
2015-08-18 09:11:45,103 - Target log system for org.apache.velocity.runtime.log.AvalonLogChute is not available (java.lang.NoClassDefFoundError: org/apache/log/format/Formatter).  Falling back to next log system...
2015-08-18 09:11:45,103 - Target log system for org.apache.velocity.runtime.log.AvalonLogChute is not available (java.lang.NoClassDefFoundError: org/apache/log/format/Formatter).  Falling back to next log system...
2015-08-18 09:11:45,103 - Target log system for org.apache.velocity.runtime.log.AvalonLogChute is not available (java.lang.NoClassDefFoundError: org/apache/log/format/Formatter).  Falling back to next log system...
2015-08-18 09:11:45,103 - Target log system for org.apache.velocity.runtime.log.AvalonLogChute is not available (java.lang.NoClassDefFoundError: org/apache/log/format/Formatter).  Falling back to next log system...
2015-08-18 09:11:45,103 - Trying to use logger class org.apache.velocity.runtime.log.Log4JLogChute
2015-08-18 09:11:45,103 - Trying to use logger class org.apache.velocity.runtime.log.Log4JLogChute
2015-08-18 09:11:45,103 - Trying to use logger class org.apache.velocity.runtime.log.Log4JLogChute
2015-08-18 09:11:45,103 - Trying to use logger class org.apache.velocity.runtime.log.Log4JLogChute
2015-08-18 09:11:45,103 - Using logger class org.apache.velocity.runtime.log.Log4JLogChute
2015-08-18 09:11:45,103 - Using logger class org.apache.velocity.runtime.log.Log4JLogChute
2015-08-18 09:11:45,103 - Using logger class org.apache.velocity.runtime.log.Log4JLogChute
2015-08-18 09:11:45,103 - Using logger class org.apache.velocity.runtime.log.Log4JLogChute
2015-08-18 09:11:45,103 - ResourceLoader instantiated: org.apache.velocity.runtime.resource.loader.FileResourceLoader
2015-08-18 09:11:45,103 - ResourceLoader instantiated: org.apache.velocity.runtime.resource.loader.FileResourceLoader
2015-08-18 09:11:45,103 - ResourceLoader instantiated: org.apache.velocity.runtime.resource.loader.FileResourceLoader
2015-08-18 09:11:45,103 - ResourceLoader instantiated: org.apache.velocity.runtime.resource.loader.FileResourceLoader
2015-08-18 09:11:45,103 - Do unicode file recognition:  false
2015-08-18 09:11:45,103 - Do unicode file recognition:  false
2015-08-18 09:11:45,103 - Do unicode file recognition:  false
2015-08-18 09:11:45,103 - Do unicode file recognition:  false
2015-08-18 09:11:45,103 - FileResourceLoader : adding path './..//template.deploy'
2015-08-18 09:11:45,103 - FileResourceLoader : adding path './..//template.deploy'
2015-08-18 09:11:45,103 - FileResourceLoader : adding path './..//template.deploy'
2015-08-18 09:11:45,103 - FileResourceLoader : adding path './..//template.deploy'
2015-08-18 09:11:45,104 - ResourceCache: initialized (class org.apache.velocity.runtime.resource.ResourceCacheImpl) with class java.util.Collections$SynchronizedMap cache map.
2015-08-18 09:11:45,104 - ResourceCache: initialized (class org.apache.velocity.runtime.resource.ResourceCacheImpl) with class java.util.Collections$SynchronizedMap cache map.
2015-08-18 09:11:45,104 - ResourceCache: initialized (class org.apache.velocity.runtime.resource.ResourceCacheImpl) with class java.util.Collections$SynchronizedMap cache map.
2015-08-18 09:11:45,104 - ResourceCache: initialized (class org.apache.velocity.runtime.resource.ResourceCacheImpl) with class java.util.Collections$SynchronizedMap cache map.
2015-08-18 09:11:45,104 - Loaded System Directive: org.apache.velocity.runtime.directive.Define
2015-08-18 09:11:45,104 - Loaded System Directive: org.apache.velocity.runtime.directive.Define
2015-08-18 09:11:45,104 - Loaded System Directive: org.apache.velocity.runtime.directive.Define
2015-08-18 09:11:45,104 - Loaded System Directive: org.apache.velocity.runtime.directive.Define
2015-08-18 09:11:45,104 - Loaded System Directive: org.apache.velocity.runtime.directive.Break
2015-08-18 09:11:45,104 - Loaded System Directive: org.apache.velocity.runtime.directive.Break
2015-08-18 09:11:45,104 - Loaded System Directive: org.apache.velocity.runtime.directive.Break
2015-08-18 09:11:45,104 - Loaded System Directive: org.apache.velocity.runtime.directive.Break
2015-08-18 09:11:45,104 - Loaded System Directive: org.apache.velocity.runtime.directive.Evaluate
2015-08-18 09:11:45,104 - Loaded System Directive: org.apache.velocity.runtime.directive.Evaluate
2015-08-18 09:11:45,104 - Loaded System Directive: org.apache.velocity.runtime.directive.Evaluate
2015-08-18 09:11:45,104 - Loaded System Directive: org.apache.velocity.runtime.directive.Evaluate
2015-08-18 09:11:45,104 - Loaded System Directive: org.apache.velocity.runtime.directive.Literal
2015-08-18 09:11:45,104 - Loaded System Directive: org.apache.velocity.runtime.directive.Literal
2015-08-18 09:11:45,104 - Loaded System Directive: org.apache.velocity.runtime.directive.Literal
2015-08-18 09:11:45,104 - Loaded System Directive: org.apache.velocity.runtime.directive.Literal
2015-08-18 09:11:45,104 - Loaded System Directive: org.apache.velocity.runtime.directive.Macro
2015-08-18 09:11:45,104 - Loaded System Directive: org.apache.velocity.runtime.directive.Macro
2015-08-18 09:11:45,104 - Loaded System Directive: org.apache.velocity.runtime.directive.Macro
2015-08-18 09:11:45,104 - Loaded System Directive: org.apache.velocity.runtime.directive.Macro
2015-08-18 09:11:45,104 - Loaded System Directive: org.apache.velocity.runtime.directive.Parse
2015-08-18 09:11:45,104 - Loaded System Directive: org.apache.velocity.runtime.directive.Parse
2015-08-18 09:11:45,104 - Loaded System Directive: org.apache.velocity.runtime.directive.Parse
2015-08-18 09:11:45,104 - Loaded System Directive: org.apache.velocity.runtime.directive.Parse
2015-08-18 09:11:45,104 - Loaded System Directive: org.apache.velocity.runtime.directive.Include
2015-08-18 09:11:45,104 - Loaded System Directive: org.apache.velocity.runtime.directive.Include
2015-08-18 09:11:45,104 - Loaded System Directive: org.apache.velocity.runtime.directive.Include
2015-08-18 09:11:45,104 - Loaded System Directive: org.apache.velocity.runtime.directive.Include
2015-08-18 09:11:45,105 - Loaded System Directive: org.apache.velocity.runtime.directive.Foreach
2015-08-18 09:11:45,105 - Loaded System Directive: org.apache.velocity.runtime.directive.Foreach
2015-08-18 09:11:45,105 - Loaded System Directive: org.apache.velocity.runtime.directive.Foreach
2015-08-18 09:11:45,105 - Loaded System Directive: org.apache.velocity.runtime.directive.Foreach
2015-08-18 09:11:45,105 - Velocity was not initialized! Calling init()...
2015-08-18 09:11:45,105 - Velocity was not initialized! Calling init()...
2015-08-18 09:11:45,105 - Velocity was not initialized! Calling init()...
2015-08-18 09:11:45,105 - Velocity was not initialized! Calling init()...
2015-08-18 09:11:45,105 - Velocity was not initialized! Calling init()...
2015-08-18 09:11:45,105 - Velocity was not initialized! Calling init()...
2015-08-18 09:11:45,105 - Velocity was not initialized! Calling init()...
2015-08-18 09:11:45,105 - Velocity was not initialized! Calling init()...
2015-08-18 09:11:45,105 - Velocity was not initialized! Calling init()...
2015-08-18 09:11:45,105 - Velocity was not initialized! Calling init()...
2015-08-18 09:11:45,105 - Velocity was not initialized! Calling init()...
2015-08-18 09:11:45,105 - Velocity was not initialized! Calling init()...
2015-08-18 09:11:45,105 - Velocity was not initialized! Calling init()...
2015-08-18 09:11:45,105 - Velocity was not initialized! Calling init()...
2015-08-18 09:11:45,105 - Velocity was not initialized! Calling init()...
2015-08-18 09:11:45,105 - Velocity was not initialized! Calling init()...
2015-08-18 09:11:45,105 - Velocity was not initialized! Calling init()...
2015-08-18 09:11:45,105 - Velocity was not initialized! Calling init()...
2015-08-18 09:11:45,105 - Velocity was not initialized! Calling init()...
2015-08-18 09:11:45,105 - Velocity was not initialized! Calling init()...
2015-08-18 09:11:45,105 - Velocity was not initialized! Calling init()...
2015-08-18 09:11:45,105 - Velocity was not initialized! Calling init()...
2015-08-18 09:11:45,105 - Velocity was not initialized! Calling init()...
2015-08-18 09:11:45,105 - Velocity was not initialized! Calling init()...
2015-08-18 09:11:45,105 - Velocity was not initialized! Calling init()...
2015-08-18 09:11:45,105 - Velocity was not initialized! Calling init()...
2015-08-18 09:11:45,105 - Velocity was not initialized! Calling init()...
2015-08-18 09:11:45,105 - Velocity was not initialized! Calling init()...
2015-08-18 09:11:45,105 - Velocity was not initialized! Calling init()...
2015-08-18 09:11:45,105 - Velocity was not initialized! Calling init()...
2015-08-18 09:11:45,105 - Velocity was not initialized! Calling init()...
2015-08-18 09:11:45,105 - Velocity was not initialized! Calling init()...
2015-08-18 09:11:45,106 - Velocity was not initialized! Calling init()...
2015-08-18 09:11:45,106 - Velocity was not initialized! Calling init()...
2015-08-18 09:11:45,106 - Velocity was not initialized! Calling init()...
2015-08-18 09:11:45,106 - Velocity was not initialized! Calling init()...
2015-08-18 09:11:45,106 - Velocity was not initialized! Calling init()...
2015-08-18 09:11:45,106 - Velocity was not initialized! Calling init()...
2015-08-18 09:11:45,106 - Velocity was not initialized! Calling init()...
2015-08-18 09:11:45,106 - Velocity was not initialized! Calling init()...
2015-08-18 09:11:45,106 - Velocity was not initialized! Calling init()...
2015-08-18 09:11:45,106 - Velocity was not initialized! Calling init()...
2015-08-18 09:11:45,106 - Velocity was not initialized! Calling init()...
2015-08-18 09:11:45,106 - Velocity was not initialized! Calling init()...
2015-08-18 09:11:45,106 - Velocity was not initialized! Calling init()...
2015-08-18 09:11:45,106 - Velocity was not initialized! Calling init()...
2015-08-18 09:11:45,106 - Velocity was not initialized! Calling init()...
2015-08-18 09:11:45,106 - Velocity was not initialized! Calling init()...
2015-08-18 09:11:45,106 - Velocity was not initialized! Calling init()...
2015-08-18 09:11:45,106 - Velocity was not initialized! Calling init()...
2015-08-18 09:11:45,106 - Velocity was not initialized! Calling init()...
2015-08-18 09:11:45,106 - Velocity was not initialized! Calling init()...
2015-08-18 09:11:45,106 - Velocity was not initialized! Calling init()...
2015-08-18 09:11:45,106 - Velocity was not initialized! Calling init()...
2015-08-18 09:11:45,106 - Velocity was not initialized! Calling init()...
2015-08-18 09:11:45,106 - Velocity was not initialized! Calling init()...
2015-08-18 09:11:45,106 - Velocity was not initialized! Calling init()...
2015-08-18 09:11:45,106 - Velocity was not initialized! Calling init()...
2015-08-18 09:11:45,106 - Velocity was not initialized! Calling init()...
2015-08-18 09:11:45,106 - Velocity was not initialized! Calling init()...
2015-08-18 09:11:45,106 - Velocity was not initialized! Calling init()...
2015-08-18 09:11:45,106 - Velocity was not initialized! Calling init()...
2015-08-18 09:11:45,106 - Velocity was not initialized! Calling init()...
2015-08-18 09:11:45,106 - Velocity was not initialized! Calling init()...
2015-08-18 09:11:45,106 - Velocity was not initialized! Calling init()...
2015-08-18 09:11:45,106 - Velocity was not initialized! Calling init()...
2015-08-18 09:11:45,106 - Velocity was not initialized! Calling init()...
2015-08-18 09:11:45,106 - Velocity was not initialized! Calling init()...
2015-08-18 09:11:45,107 - Velocity was not initialized! Calling init()...
2015-08-18 09:11:45,107 - Velocity was not initialized! Calling init()...
2015-08-18 09:11:45,107 - Velocity was not initialized! Calling init()...
2015-08-18 09:11:45,107 - Velocity was not initialized! Calling init()...
2015-08-18 09:11:45,107 - Velocity was not initialized! Calling init()...
2015-08-18 09:11:45,107 - Velocity was not initialized! Calling init()...
2015-08-18 09:11:45,107 - Velocity was not initialized! Calling init()...
2015-08-18 09:11:45,107 - Velocity was not initialized! Calling init()...
2015-08-18 09:11:45,107 - Velocity was not initialized! Calling init()...
2015-08-18 09:11:45,107 - Velocity was not initialized! Calling init()...
2015-08-18 09:11:45,107 - Velocity was not initialized! Calling init()...
2015-08-18 09:11:45,107 - Velocity was not initialized! Calling init()...
2015-08-18 09:11:45,107 - Created '20' parsers.
2015-08-18 09:11:45,107 - Created '20' parsers.
2015-08-18 09:11:45,107 - Created '20' parsers.
2015-08-18 09:11:45,107 - Created '20' parsers.
2015-08-18 09:11:45,107 - Velocimacro : "velocimacro.library" is not set.  Trying default library: VM_global_library.vm
2015-08-18 09:11:45,107 - Velocimacro : "velocimacro.library" is not set.  Trying default library: VM_global_library.vm
2015-08-18 09:11:45,107 - Velocimacro : "velocimacro.library" is not set.  Trying default library: VM_global_library.vm
2015-08-18 09:11:45,107 - Velocimacro : "velocimacro.library" is not set.  Trying default library: VM_global_library.vm
2015-08-18 09:11:45,107 - Velocity was not initialized! Calling init()...
2015-08-18 09:11:45,107 - Velocity was not initialized! Calling init()...
2015-08-18 09:11:45,107 - Velocity was not initialized! Calling init()...
2015-08-18 09:11:45,107 - Velocity was not initialized! Calling init()...
2015-08-18 09:11:45,107 - Velocimacro : Default library not found.
2015-08-18 09:11:45,107 - Velocimacro : Default library not found.
2015-08-18 09:11:45,107 - Velocimacro : Default library not found.
2015-08-18 09:11:45,107 - Velocimacro : Default library not found.
2015-08-18 09:11:45,107 - Velocimacro : allowInline = true : VMs can be defined inline in templates
2015-08-18 09:11:45,107 - Velocimacro : allowInline = true : VMs can be defined inline in templates
2015-08-18 09:11:45,107 - Velocimacro : allowInline = true : VMs can be defined inline in templates
2015-08-18 09:11:45,107 - Velocimacro : allowInline = true : VMs can be defined inline in templates
2015-08-18 09:11:45,107 - Velocimacro : allowInlineToOverride = false : VMs defined inline may NOT replace previous VM definitions
2015-08-18 09:11:45,107 - Velocimacro : allowInlineToOverride = false : VMs defined inline may NOT replace previous VM definitions
2015-08-18 09:11:45,107 - Velocimacro : allowInlineToOverride = false : VMs defined inline may NOT replace previous VM definitions
2015-08-18 09:11:45,107 - Velocimacro : allowInlineToOverride = false : VMs defined inline may NOT replace previous VM definitions
2015-08-18 09:11:45,108 - Velocimacro : allowInlineLocal = false : VMs defined inline will be global in scope if allowed.
2015-08-18 09:11:45,108 - Velocimacro : allowInlineLocal = false : VMs defined inline will be global in scope if allowed.
2015-08-18 09:11:45,108 - Velocimacro : allowInlineLocal = false : VMs defined inline will be global in scope if allowed.
2015-08-18 09:11:45,108 - Velocimacro : allowInlineLocal = false : VMs defined inline will be global in scope if allowed.
2015-08-18 09:11:45,108 - Velocimacro : autoload off : VM system will not automatically reload global library macros
2015-08-18 09:11:45,108 - Velocimacro : autoload off : VM system will not automatically reload global library macros
2015-08-18 09:11:45,108 - Velocimacro : autoload off : VM system will not automatically reload global library macros
2015-08-18 09:11:45,108 - Velocimacro : autoload off : VM system will not automatically reload global library macros
2015-08-18 09:11:45,110 - ResourceManager : found pom.xml.vm with loader org.apache.velocity.runtime.resource.loader.FileResourceLoader
2015-08-18 09:11:45,110 - ResourceManager : found pom.xml.vm with loader org.apache.velocity.runtime.resource.loader.FileResourceLoader
2015-08-18 09:11:45,110 - ResourceManager : found pom.xml.vm with loader org.apache.velocity.runtime.resource.loader.FileResourceLoader
2015-08-18 09:11:45,110 - ResourceManager : found pom.xml.vm with loader org.apache.velocity.runtime.resource.loader.FileResourceLoader
2015-08-18 09:11:45,110 - Null reference [template 'pom.xml.vm', line 19, column 12] : ${pom.version} cannot be resolved.
2015-08-18 09:11:45,110 - Null reference [template 'pom.xml.vm', line 19, column 12] : ${pom.version} cannot be resolved.
2015-08-18 09:11:45,110 - Null reference [template 'pom.xml.vm', line 19, column 12] : ${pom.version} cannot be resolved.
2015-08-18 09:11:45,110 - Null reference [template 'pom.xml.vm', line 19, column 12] : ${pom.version} cannot be resolved.
2015-08-18 09:11:45,110 - Null reference [template 'pom.xml.vm', line 24, column 15] : ${basedir} cannot be resolved.
2015-08-18 09:11:45,110 - Null reference [template 'pom.xml.vm', line 24, column 15] : ${basedir} cannot be resolved.
2015-08-18 09:11:45,110 - Null reference [template 'pom.xml.vm', line 24, column 15] : ${basedir} cannot be resolved.
2015-08-18 09:11:45,110 - Null reference [template 'pom.xml.vm', line 24, column 15] : ${basedir} cannot be resolved.
2015-08-18 09:11:45,111 - Null reference [template 'pom.xml.vm', line 74, column 42] : ${pom.version} cannot be resolved.
2015-08-18 09:11:45,111 - Null reference [template 'pom.xml.vm', line 74, column 42] : ${pom.version} cannot be resolved.
2015-08-18 09:11:45,111 - Null reference [template 'pom.xml.vm', line 74, column 42] : ${pom.version} cannot be resolved.
2015-08-18 09:11:45,111 - Null reference [template 'pom.xml.vm', line 74, column 42] : ${pom.version} cannot be resolved.
2015-08-18 09:11:45,111 - Null reference [template 'pom.xml.vm', line 86, column 109] : ${basedir} cannot be resolved.
2015-08-18 09:11:45,111 - Null reference [template 'pom.xml.vm', line 86, column 109] : ${basedir} cannot be resolved.
2015-08-18 09:11:45,111 - Null reference [template 'pom.xml.vm', line 86, column 109] : ${basedir} cannot be resolved.
2015-08-18 09:11:45,111 - Null reference [template 'pom.xml.vm', line 86, column 109] : ${basedir} cannot be resolved.
2015-08-18 09:11:45,111 - Null reference [template 'pom.xml.vm', line 87, column 51] : ${basedir} cannot be resolved.
2015-08-18 09:11:45,111 - Null reference [template 'pom.xml.vm', line 87, column 51] : ${basedir} cannot be resolved.
2015-08-18 09:11:45,111 - Null reference [template 'pom.xml.vm', line 87, column 51] : ${basedir} cannot be resolved.
2015-08-18 09:11:45,111 - Null reference [template 'pom.xml.vm', line 87, column 51] : ${basedir} cannot be resolved.
2015-08-18 09:11:45,111 - Null reference [template 'pom.xml.vm', line 88, column 39] : ${basedir} cannot be resolved.
2015-08-18 09:11:45,111 - Null reference [template 'pom.xml.vm', line 88, column 39] : ${basedir} cannot be resolved.
2015-08-18 09:11:45,111 - Null reference [template 'pom.xml.vm', line 88, column 39] : ${basedir} cannot be resolved.
2015-08-18 09:11:45,111 - Null reference [template 'pom.xml.vm', line 88, column 39] : ${basedir} cannot be resolved.
2015-08-18 09:11:45,111 - Null reference [template 'pom.xml.vm', line 89, column 38] : ${basedir} cannot be resolved.
2015-08-18 09:11:45,111 - Null reference [template 'pom.xml.vm', line 89, column 38] : ${basedir} cannot be resolved.
2015-08-18 09:11:45,111 - Null reference [template 'pom.xml.vm', line 89, column 38] : ${basedir} cannot be resolved.
2015-08-18 09:11:45,111 - Null reference [template 'pom.xml.vm', line 89, column 38] : ${basedir} cannot be resolved.
2015-08-18 09:11:45,111 - Null reference [template 'pom.xml.vm', line 91, column 44] : ${basedir} cannot be resolved.
2015-08-18 09:11:45,111 - Null reference [template 'pom.xml.vm', line 91, column 44] : ${basedir} cannot be resolved.
2015-08-18 09:11:45,111 - Null reference [template 'pom.xml.vm', line 91, column 44] : ${basedir} cannot be resolved.
2015-08-18 09:11:45,111 - Null reference [template 'pom.xml.vm', line 91, column 44] : ${basedir} cannot be resolved.
2015-08-18 09:11:45,111 - Null reference [template 'pom.xml.vm', line 92, column 52] : ${basedir} cannot be resolved.
2015-08-18 09:11:45,111 - Null reference [template 'pom.xml.vm', line 92, column 52] : ${basedir} cannot be resolved.
2015-08-18 09:11:45,111 - Null reference [template 'pom.xml.vm', line 92, column 52] : ${basedir} cannot be resolved.
2015-08-18 09:11:45,111 - Null reference [template 'pom.xml.vm', line 92, column 52] : ${basedir} cannot be resolved.
2015-08-18 09:11:45,111 - Null reference [template 'pom.xml.vm', line 94, column 45] : ${basedir} cannot be resolved.
2015-08-18 09:11:45,111 - Null reference [template 'pom.xml.vm', line 94, column 45] : ${basedir} cannot be resolved.
2015-08-18 09:11:45,111 - Null reference [template 'pom.xml.vm', line 94, column 45] : ${basedir} cannot be resolved.
2015-08-18 09:11:45,111 - Null reference [template 'pom.xml.vm', line 94, column 45] : ${basedir} cannot be resolved.
2015-08-18 09:11:45,111 - Null reference [template 'pom.xml.vm', line 94, column 103] : ${pom.version} cannot be resolved.
2015-08-18 09:11:45,111 - Null reference [template 'pom.xml.vm', line 94, column 103] : ${pom.version} cannot be resolved.
2015-08-18 09:11:45,111 - Null reference [template 'pom.xml.vm', line 94, column 103] : ${pom.version} cannot be resolved.
2015-08-18 09:11:45,111 - Null reference [template 'pom.xml.vm', line 94, column 103] : ${pom.version} cannot be resolved.
2015-08-18 09:11:45,112 - Null reference [template 'pom.xml.vm', line 95, column 63] : ${basedir} cannot be resolved.
2015-08-18 09:11:45,112 - Null reference [template 'pom.xml.vm', line 95, column 63] : ${basedir} cannot be resolved.
2015-08-18 09:11:45,112 - Null reference [template 'pom.xml.vm', line 95, column 63] : ${basedir} cannot be resolved.
2015-08-18 09:11:45,112 - Null reference [template 'pom.xml.vm', line 95, column 63] : ${basedir} cannot be resolved.
