2015-08-16 19:52:26,231 - Starting Apache Velocity v1.6.4 (compiled: 2010-04-27 15:31:23)
2015-08-16 19:52:26,231 - Default Properties File: org/apache/velocity/runtime/defaults/velocity.properties
2015-08-16 19:52:26,231 - Trying to use logger class org.apache.velocity.runtime.log.AvalonLogChute
2015-08-16 19:52:26,231 - Target log system for org.apache.velocity.runtime.log.AvalonLogChute is not available (java.lang.NoClassDefFoundError: org/apache/log/format/Formatter).  Falling back to next log system...
2015-08-16 19:52:26,231 - Trying to use logger class org.apache.velocity.runtime.log.Log4JLogChute
2015-08-16 19:52:26,231 - Using logger class org.apache.velocity.runtime.log.Log4JLogChute
2015-08-16 19:52:26,232 - ResourceLoader instantiated: org.apache.velocity.runtime.resource.loader.FileResourceLoader
2015-08-16 19:52:26,232 - Do unicode file recognition:  false
2015-08-16 19:52:26,232 - FileResourceLoader : adding path '/Users/chenke/Documents/javawork/template/template.web/src/main/java/com/dumpcache/template/web/action/demo'
2015-08-16 19:52:26,232 - ResourceCache: initialized (class org.apache.velocity.runtime.resource.ResourceCacheImpl) with class java.util.Collections$SynchronizedMap cache map.
2015-08-16 19:52:26,232 - Loaded System Directive: org.apache.velocity.runtime.directive.Define
2015-08-16 19:52:26,233 - Loaded System Directive: org.apache.velocity.runtime.directive.Break
2015-08-16 19:52:26,233 - Loaded System Directive: org.apache.velocity.runtime.directive.Evaluate
2015-08-16 19:52:26,233 - Loaded System Directive: org.apache.velocity.runtime.directive.Literal
2015-08-16 19:52:26,233 - Loaded System Directive: org.apache.velocity.runtime.directive.Macro
2015-08-16 19:52:26,233 - Loaded System Directive: org.apache.velocity.runtime.directive.Parse
2015-08-16 19:52:26,233 - Loaded System Directive: org.apache.velocity.runtime.directive.Include
2015-08-16 19:52:26,233 - Loaded System Directive: org.apache.velocity.runtime.directive.Foreach
2015-08-16 19:52:26,234 - Velocity was not initialized! Calling init()...
2015-08-16 19:52:26,234 - Velocity was not initialized! Calling init()...
2015-08-16 19:52:26,234 - Velocity was not initialized! Calling init()...
2015-08-16 19:52:26,234 - Velocity was not initialized! Calling init()...
2015-08-16 19:52:26,234 - Velocity was not initialized! Calling init()...
2015-08-16 19:52:26,234 - Velocity was not initialized! Calling init()...
2015-08-16 19:52:26,235 - Velocity was not initialized! Calling init()...
2015-08-16 19:52:26,235 - Velocity was not initialized! Calling init()...
2015-08-16 19:52:26,235 - Velocity was not initialized! Calling init()...
2015-08-16 19:52:26,235 - Velocity was not initialized! Calling init()...
2015-08-16 19:52:26,235 - Velocity was not initialized! Calling init()...
2015-08-16 19:52:26,235 - Velocity was not initialized! Calling init()...
2015-08-16 19:52:26,235 - Velocity was not initialized! Calling init()...
2015-08-16 19:52:26,236 - Velocity was not initialized! Calling init()...
2015-08-16 19:52:26,236 - Velocity was not initialized! Calling init()...
2015-08-16 19:52:26,236 - Velocity was not initialized! Calling init()...
2015-08-16 19:52:26,236 - Velocity was not initialized! Calling init()...
2015-08-16 19:52:26,236 - Velocity was not initialized! Calling init()...
2015-08-16 19:52:26,236 - Velocity was not initialized! Calling init()...
2015-08-16 19:52:26,237 - Velocity was not initialized! Calling init()...
2015-08-16 19:52:26,237 - Created '20' parsers.
2015-08-16 19:52:26,237 - Velocimacro : "velocimacro.library" is not set.  Trying default library: VM_global_library.vm
2015-08-16 19:52:26,237 - Velocity was not initialized! Calling init()...
2015-08-16 19:52:26,237 - Velocimacro : Default library not found.
2015-08-16 19:52:26,237 - Velocimacro : allowInline = true : VMs can be defined inline in templates
2015-08-16 19:52:26,237 - Velocimacro : allowInlineToOverride = false : VMs defined inline may NOT replace previous VM definitions
2015-08-16 19:52:26,238 - Velocimacro : allowInlineLocal = false : VMs defined inline will be global in scope if allowed.
2015-08-16 19:52:26,238 - Velocimacro : autoload off : VM system will not automatically reload global library macros
2015-08-16 19:52:26,238 - ResourceManager : found RestfulAction.java.vm with loader org.apache.velocity.runtime.resource.loader.FileResourceLoader
2015-08-16 19:52:26,241 - Log4JLogChute initialized using file 'velocity.log'
2015-08-16 19:52:26,241 - Starting Apache Velocity v1.6.4 (compiled: 2010-04-27 15:31:23)
2015-08-16 19:52:26,242 - Default Properties File: org/apache/velocity/runtime/defaults/velocity.properties
2015-08-16 19:52:26,242 - Trying to use logger class org.apache.velocity.runtime.log.AvalonLogChute
2015-08-16 19:52:26,242 - Target log system for org.apache.velocity.runtime.log.AvalonLogChute is not available (java.lang.NoClassDefFoundError: org/apache/log/format/Formatter).  Falling back to next log system...
2015-08-16 19:52:26,242 - Trying to use logger class org.apache.velocity.runtime.log.Log4JLogChute
2015-08-16 19:52:26,242 - Using logger class org.apache.velocity.runtime.log.Log4JLogChute
2015-08-16 19:52:26,242 - ResourceLoader instantiated: org.apache.velocity.runtime.resource.loader.FileResourceLoader
2015-08-16 19:52:26,243 - Do unicode file recognition:  false
2015-08-16 19:52:26,243 - FileResourceLoader : adding path '/Users/chenke/Documents/javawork/template/template.web/src/main/java/com/dumpcache/template/web/vo/demo'
2015-08-16 19:52:26,243 - ResourceCache: initialized (class org.apache.velocity.runtime.resource.ResourceCacheImpl) with class java.util.Collections$SynchronizedMap cache map.
2015-08-16 19:52:26,243 - Loaded System Directive: org.apache.velocity.runtime.directive.Define
2015-08-16 19:52:26,244 - Loaded System Directive: org.apache.velocity.runtime.directive.Break
2015-08-16 19:52:26,244 - Loaded System Directive: org.apache.velocity.runtime.directive.Evaluate
2015-08-16 19:52:26,244 - Loaded System Directive: org.apache.velocity.runtime.directive.Literal
2015-08-16 19:52:26,244 - Loaded System Directive: org.apache.velocity.runtime.directive.Macro
2015-08-16 19:52:26,244 - Loaded System Directive: org.apache.velocity.runtime.directive.Parse
2015-08-16 19:52:26,244 - Loaded System Directive: org.apache.velocity.runtime.directive.Include
2015-08-16 19:52:26,244 - Loaded System Directive: org.apache.velocity.runtime.directive.Foreach
2015-08-16 19:52:26,245 - Velocity was not initialized! Calling init()...
2015-08-16 19:52:26,245 - Velocity was not initialized! Calling init()...
2015-08-16 19:52:26,245 - Velocity was not initialized! Calling init()...
2015-08-16 19:52:26,245 - Velocity was not initialized! Calling init()...
2015-08-16 19:52:26,245 - Velocity was not initialized! Calling init()...
2015-08-16 19:52:26,245 - Velocity was not initialized! Calling init()...
2015-08-16 19:52:26,246 - Velocity was not initialized! Calling init()...
2015-08-16 19:52:26,246 - Velocity was not initialized! Calling init()...
2015-08-16 19:52:26,246 - Velocity was not initialized! Calling init()...
2015-08-16 19:52:26,246 - Velocity was not initialized! Calling init()...
2015-08-16 19:52:26,246 - Velocity was not initialized! Calling init()...
2015-08-16 19:52:26,247 - Velocity was not initialized! Calling init()...
2015-08-16 19:52:26,247 - Velocity was not initialized! Calling init()...
2015-08-16 19:52:26,247 - Velocity was not initialized! Calling init()...
2015-08-16 19:52:26,247 - Velocity was not initialized! Calling init()...
2015-08-16 19:52:26,247 - Velocity was not initialized! Calling init()...
2015-08-16 19:52:26,247 - Velocity was not initialized! Calling init()...
2015-08-16 19:52:26,248 - Velocity was not initialized! Calling init()...
2015-08-16 19:52:26,248 - Velocity was not initialized! Calling init()...
2015-08-16 19:52:26,248 - Velocity was not initialized! Calling init()...
2015-08-16 19:52:26,248 - Created '20' parsers.
2015-08-16 19:52:26,248 - Velocimacro : "velocimacro.library" is not set.  Trying default library: VM_global_library.vm
2015-08-16 19:52:26,249 - Velocity was not initialized! Calling init()...
2015-08-16 19:52:26,249 - Velocimacro : Default library not found.
2015-08-16 19:52:26,249 - Velocimacro : allowInline = true : VMs can be defined inline in templates
2015-08-16 19:52:26,249 - Velocimacro : allowInlineToOverride = false : VMs defined inline may NOT replace previous VM definitions
2015-08-16 19:52:26,249 - Velocimacro : allowInlineLocal = false : VMs defined inline will be global in scope if allowed.
2015-08-16 19:52:26,249 - Velocimacro : autoload off : VM system will not automatically reload global library macros
2015-08-16 19:52:26,250 - ResourceManager : found Student.java.vm with loader org.apache.velocity.runtime.resource.loader.FileResourceLoader
2015-08-16 19:52:26,251 - Log4JLogChute initialized using file 'velocity.log'
2015-08-16 19:52:26,252 - Starting Apache Velocity v1.6.4 (compiled: 2010-04-27 15:31:23)
2015-08-16 19:52:26,252 - Default Properties File: org/apache/velocity/runtime/defaults/velocity.properties
2015-08-16 19:52:26,252 - Trying to use logger class org.apache.velocity.runtime.log.AvalonLogChute
2015-08-16 19:52:26,252 - Target log system for org.apache.velocity.runtime.log.AvalonLogChute is not available (java.lang.NoClassDefFoundError: org/apache/log/format/Formatter).  Falling back to next log system...
2015-08-16 19:52:26,252 - Trying to use logger class org.apache.velocity.runtime.log.Log4JLogChute
2015-08-16 19:52:26,252 - Using logger class org.apache.velocity.runtime.log.Log4JLogChute
2015-08-16 19:52:26,253 - ResourceLoader instantiated: org.apache.velocity.runtime.resource.loader.FileResourceLoader
2015-08-16 19:52:26,253 - Do unicode file recognition:  false
2015-08-16 19:52:26,253 - FileResourceLoader : adding path '/Users/chenke/Documents/javawork/template/template.web/src/main/webapp/WEB-INF'
2015-08-16 19:52:26,253 - ResourceCache: initialized (class org.apache.velocity.runtime.resource.ResourceCacheImpl) with class java.util.Collections$SynchronizedMap cache map.
2015-08-16 19:52:26,254 - Loaded System Directive: org.apache.velocity.runtime.directive.Define
2015-08-16 19:52:26,254 - Loaded System Directive: org.apache.velocity.runtime.directive.Break
2015-08-16 19:52:26,254 - Loaded System Directive: org.apache.velocity.runtime.directive.Evaluate
2015-08-16 19:52:26,254 - Loaded System Directive: org.apache.velocity.runtime.directive.Literal
2015-08-16 19:52:26,254 - Loaded System Directive: org.apache.velocity.runtime.directive.Macro
2015-08-16 19:52:26,254 - Loaded System Directive: org.apache.velocity.runtime.directive.Parse
2015-08-16 19:52:26,254 - Loaded System Directive: org.apache.velocity.runtime.directive.Include
2015-08-16 19:52:26,255 - Loaded System Directive: org.apache.velocity.runtime.directive.Foreach
2015-08-16 19:52:26,255 - Velocity was not initialized! Calling init()...
2015-08-16 19:52:26,255 - Velocity was not initialized! Calling init()...
2015-08-16 19:52:26,255 - Velocity was not initialized! Calling init()...
2015-08-16 19:52:26,281 - Velocity was not initialized! Calling init()...
2015-08-16 19:52:26,281 - Velocity was not initialized! Calling init()...
2015-08-16 19:52:26,281 - Velocity was not initialized! Calling init()...
ocity.runtime.resource.ResourceCacheImpl) with class java.util.Collections$SynchronizedMap cache map.
2015-08-16 19:52:26,253 - ResourceCache: initialized (class org.apache.velocity.runtime.resource.ResourceCacheImpl) with class java.util.Collections$SynchronizedMap cache map.
2015-08-16 19:52:26,254 - Loaded System Directive: org.apache.velocity.runtime.directive.Define
2015-08-16 19:52:26,254 - Loaded System Directive: org.apache.velocity.runtime.directive.Define
2015-08-16 19:52:26,254 - Loaded System Directive: org.apache.velocity.runtime.directive.Break
2015-08-16 19:52:26,254 - Loaded System Directive: org.apache.velocity.runtime.directive.Break
2015-08-16 19:52:26,254 - Loaded System Directive: org.apache.velocity.runtime.directive.Evaluate
2015-08-16 19:52:26,254 - Loaded System Directive: org.apache.velocity.runtime.directive.Evaluate
2015-08-16 19:52:26,254 - Loaded System Directive: org.apache.velocity.runtime.directive.Literal
2015-08-16 19:52:26,254 - Loaded System Directive: org.apache.velocity.runtime.directive.Literal
2015-08-16 19:52:26,254 - Loaded System Directive: org.apache.velocity.runtime.directive.Macro
2015-08-16 19:52:26,254 - Loaded System Directive: org.apache.velocity.runtime.directive.Macro
2015-08-16 19:52:26,254 - Loaded System Directive: org.apache.velocity.runtime.directive.Parse
2015-08-16 19:52:26,254 - Loaded System Directive: org.apache.velocity.runtime.directive.Parse
2015-08-16 19:52:26,254 - Loaded System Directive: org.apache.velocity.runtime.directive.Include
2015-08-16 19:52:26,254 - Loaded System Directive: org.apache.velocity.runtime.directive.Include
2015-08-16 19:52:26,255 - Loaded System Directive: org.apache.velocity.runtime.directive.Foreach
2015-08-16 19:52:26,255 - Loaded System Directive: org.apache.velocity.runtime.directive.Foreach
2015-08-16 19:52:26,255 - Velocity was not initialized! Calling init()...
2015-08-16 19:52:26,255 - Velocity was not initialized! Calling init()...
2015-08-16 19:52:26,255 - Velocity was not initialized! Calling init()...
2015-08-16 19:52:26,255 - Velocity was not initialized! Calling init()...
2015-08-16 19:52:26,255 - Velocity was not initialized! Calling init()...
2015-08-16 19:52:26,255 - Velocity was not initialized! Calling init()...
2015-08-16 19:52:26,281 - Velocity was not initialized! Calling init()...
2015-08-16 19:52:26,281 - Velocity was not initialized! Calling init()...
2015-08-16 19:52:26,281 - Velocity was not initialized! Calling init()...
2015-08-16 19:52:26,281 - Velocity was not initialized! Calling init()...
2015-08-16 19:52:26,281 - Velocity was not initialized! Calling init()...
2015-08-16 19:52:26,281 - Velocity was not initialized! Calling init()...
2015-08-16 19:52:26,282 - Velocity was not initialized! Calling init()...
2015-08-16 19:52:26,282 - Velocity was not initialized! Calling init()...
2015-08-16 19:52:26,282 - Velocity was not initialized! Calling init()...
2015-08-16 19:52:26,282 - Velocity was not initialized! Calling init()...
2015-08-16 19:52:26,282 - Velocity was not initialized! Calling init()...
2015-08-16 19:52:26,282 - Velocity was not initialized! Calling init()...
2015-08-16 19:52:26,282 - Velocity was not initialized! Calling init()...
2015-08-16 19:52:26,282 - Velocity was not initialized! Calling init()...
2015-08-16 19:52:26,282 - Velocity was not initialized! Calling init()...
2015-08-16 19:52:26,283 - Velocity was not initialized! Calling init()...
2015-08-16 19:52:26,283 - Velocity was not initialized! Calling init()...
2015-08-16 19:52:26,283 - Velocity was not initialized! Calling init()...
2015-08-16 19:52:26,283 - Velocity was not initialized! Calling init()...
2015-08-16 19:52:26,283 - Created '20' parsers.
2015-08-16 19:52:26,283 - Velocimacro : "velocimacro.library" is not set.  Trying default library: VM_global_library.vm
2015-08-16 19:52:26,283 - Velocity was not initialized! Calling init()...
2015-08-16 19:52:26,283 - Velocimacro : Default library not found.
2015-08-16 19:52:26,283 - Velocimacro : allowInline = true : VMs can be defined inline in templates
2015-08-16 19:52:26,283 - Velocimacro : allowInlineToOverride = false : VMs defined inline may NOT replace previous VM definitions
2015-08-16 19:52:26,283 - Velocimacro : allowInlineLocal = false : VMs defined inline will be global in scope if allowed.
2015-08-16 19:52:26,283 - Velocimacro : autoload off : VM system will not automatically reload global library macros
2015-08-16 19:52:26,284 - ResourceManager : found dispatcher-servlet.xml.vm with loader org.apache.velocity.runtime.resource.loader.FileResourceLoader
2015-08-16 19:52:26,291 - Log4JLogChute initialized using file 'velocity.log'
2015-08-16 19:52:26,291 - Log4JLogChute initialized using file 'velocity.log'
2015-08-16 19:52:26,292 - Starting Apache Velocity v1.6.4 (compiled: 2010-04-27 15:31:23)
2015-08-16 19:52:26,292 - Starting Apache Velocity v1.6.4 (compiled: 2010-04-27 15:31:23)
2015-08-16 19:52:26,292 - Default Properties File: org/apache/velocity/runtime/defaults/velocity.properties
2015-08-16 19:52:26,292 - Default Properties File: org/apache/velocity/runtime/defaults/velocity.properties
2015-08-16 19:52:26,292 - Trying to use logger class org.apache.velocity.runtime.log.AvalonLogChute
2015-08-16 19:52:26,292 - Trying to use logger class org.apache.velocity.runtime.log.AvalonLogChute
2015-08-16 19:52:26,292 - Target log system for org.apache.velocity.runtime.log.AvalonLogChute is not available (java.lang.NoClassDefFoundError: org/apache/log/format/Formatter).  Falling back to next log system...
2015-08-16 19:52:26,292 - Target log system for org.apache.velocity.runtime.log.AvalonLogChute is not available (java.lang.NoClassDefFoundError: org/apache/log/format/Formatter).  Falling back to next log system...
2015-08-16 19:52:26,292 - Trying to use logger class org.apache.velocity.runtime.log.Log4JLogChute
2015-08-16 19:52:26,292 - Trying to use logger class org.apache.velocity.runtime.log.Log4JLogChute
2015-08-16 19:52:26,292 - Using logger class org.apache.velocity.runtime.log.Log4JLogChute
2015-08-16 19:52:26,292 - Using logger class org.apache.velocity.runtime.log.Log4JLogChute
2015-08-16 19:52:26,292 - ResourceLoader instantiated: org.apache.velocity.runtime.resource.loader.FileResourceLoader
2015-08-16 19:52:26,292 - ResourceLoader instantiated: org.apache.velocity.runtime.resource.loader.FileResourceLoader
2015-08-16 19:52:26,292 - Do unicode file recognition:  false
2015-08-16 19:52:26,292 - Do unicode file recognition:  false
2015-08-16 19:52:26,292 - FileResourceLoader : adding path '/Users/chenke/Documents/javawork/template/template.web'
2015-08-16 19:52:26,292 - FileResourceLoader : adding path '/Users/chenke/Documents/javawork/template/template.web'
2015-08-16 19:52:26,292 - ResourceCache: initialized (class org.apache.velocity.runtime.resource.ResourceCacheImpl) with class java.util.Collections$SynchronizedMap cache map.
2015-08-16 19:52:26,292 - ResourceCache: initialized (class org.apache.velocity.runtime.resource.ResourceCacheImpl) with class java.util.Collections$SynchronizedMap cache map.
2015-08-16 19:52:26,293 - Loaded System Directive: org.apache.velocity.runtime.directive.Define
2015-08-16 19:52:26,293 - Loaded System Directive: org.apache.velocity.runtime.directive.Define
2015-08-16 19:52:26,293 - Loaded System Directive: org.apache.velocity.runtime.directive.Break
2015-08-16 19:52:26,293 - Loaded System Directive: org.apache.velocity.runtime.directive.Break
2015-08-16 19:52:26,293 - Loaded System Directive: org.apache.velocity.runtime.directive.Evaluate
2015-08-16 19:52:26,293 - Loaded System Directive: org.apache.velocity.runtime.directive.Evaluate
2015-08-16 19:52:26,293 - Loaded System Directive: org.apache.velocity.runtime.directive.Literal
2015-08-16 19:52:26,293 - Loaded System Directive: org.apache.velocity.runtime.directive.Literal
2015-08-16 19:52:26,293 - Loaded System Directive: org.apache.velocity.runtime.directive.Macro
2015-08-16 19:52:26,293 - Loaded System Directive: org.apache.velocity.runtime.directive.Macro
2015-08-16 19:52:26,293 - Loaded System Directive: org.apache.velocity.runtime.directive.Parse
2015-08-16 19:52:26,293 - Loaded System Directive: org.apache.velocity.runtime.directive.Parse
2015-08-16 19:52:26,293 - Loaded System Directive: org.apache.velocity.runtime.directive.Include
2015-08-16 19:52:26,293 - Loaded System Directive: org.apache.velocity.runtime.directive.Include
2015-08-16 19:52:26,293 - Loaded System Directive: org.apache.velocity.runtime.directive.Foreach
2015-08-16 19:52:26,293 - Loaded System Directive: org.apache.velocity.runtime.directive.Foreach
2015-08-16 19:52:26,293 - Velocity was not initialized! Calling init()...
2015-08-16 19:52:26,293 - Velocity was not initialized! Calling init()...
2015-08-16 19:52:26,293 - Velocity was not initialized! Calling init()...
2015-08-16 19:52:26,293 - Velocity was not initialized! Calling init()...
2015-08-16 19:52:26,293 - Velocity was not initialized! Calling init()...
2015-08-16 19:52:26,293 - Velocity was not initialized! Calling init()...
2015-08-16 19:52:26,293 - Velocity was not initialized! Calling init()...
2015-08-16 19:52:26,293 - Velocity was not initialized! Calling init()...
2015-08-16 19:52:26,293 - Velocity was not initialized! Calling init()...
2015-08-16 19:52:26,293 - Velocity was not initialized! Calling init()...
2015-08-16 19:52:26,294 - Velocity was not initialized! Calling init()...
2015-08-16 19:52:26,294 - Velocity was not initialized! Calling init()...
2015-08-16 19:52:26,294 - Velocity was not initialized! Calling init()...
2015-08-16 19:52:26,294 - Velocity was not initialized! Calling init()...
2015-08-16 19:52:26,294 - Velocity was not initialized! Calling init()...
2015-08-16 19:52:26,294 - Velocity was not initialized! Calling init()...
2015-08-16 19:52:26,294 - Velocity was not initialized! Calling init()...
2015-08-16 19:52:26,294 - Velocity was not initialized! Calling init()...
2015-08-16 19:52:26,294 - Velocity was not initialized! Calling init()...
2015-08-16 19:52:26,294 - Velocity was not initialized! Calling init()...
2015-08-16 19:52:26,294 - Velocity was not initialized! Calling init()...
2015-08-16 19:52:26,294 - Velocity was not initialized! Calling init()...
2015-08-16 19:52:26,294 - Velocity was not initialized! Calling init()...
2015-08-16 19:52:26,294 - Velocity was not initialized! Calling init()...
2015-08-16 19:52:26,294 - Velocity was not initialized! Calling init()...
2015-08-16 19:52:26,294 - Velocity was not initialized! Calling init()...
2015-08-16 19:52:26,294 - Velocity was not initialized! Calling init()...
2015-08-16 19:52:26,294 - Velocity was not initialized! Calling init()...
2015-08-16 19:52:26,294 - Velocity was not initialized! Calling init()...
2015-08-16 19:52:26,294 - Velocity was not initialized! Calling init()...
2015-08-16 19:52:26,294 - Velocity was not initialized! Calling init()...
2015-08-16 19:52:26,294 - Velocity was not initialized! Calling init()...
2015-08-16 19:52:26,294 - Velocity was not initialized! Calling init()...
2015-08-16 19:52:26,294 - Velocity was not initialized! Calling init()...
2015-08-16 19:52:26,294 - Velocity was not initialized! Calling init()...
2015-08-16 19:52:26,294 - Velocity was not initialized! Calling init()...
2015-08-16 19:52:26,295 - Velocity was not initialized! Calling init()...
2015-08-16 19:52:26,295 - Velocity was not initialized! Calling init()...
2015-08-16 19:52:26,295 - Velocity was not initialized! Calling init()...
2015-08-16 19:52:26,295 - Velocity was not initialized! Calling init()...
2015-08-16 19:52:26,295 - Created '20' parsers.
2015-08-16 19:52:26,295 - Created '20' parsers.
2015-08-16 19:52:26,295 - Velocimacro : "velocimacro.library" is not set.  Trying default library: VM_global_library.vm
2015-08-16 19:52:26,295 - Velocimacro : "velocimacro.library" is not set.  Trying default library: VM_global_library.vm
2015-08-16 19:52:26,295 - Velocity was not initialized! Calling init()...
2015-08-16 19:52:26,295 - Velocity was not initialized! Calling init()...
2015-08-16 19:52:26,295 - Velocimacro : Default library not found.
2015-08-16 19:52:26,295 - Velocimacro : Default library not found.
2015-08-16 19:52:26,295 - Velocimacro : allowInline = true : VMs can be defined inline in templates
2015-08-16 19:52:26,295 - Velocimacro : allowInline = true : VMs can be defined inline in templates
2015-08-16 19:52:26,295 - Velocimacro : allowInlineToOverride = false : VMs defined inline may NOT replace previous VM definitions
2015-08-16 19:52:26,295 - Velocimacro : allowInlineToOverride = false : VMs defined inline may NOT replace previous VM definitions
2015-08-16 19:52:26,295 - Velocimacro : allowInlineLocal = false : VMs defined inline will be global in scope if allowed.
2015-08-16 19:52:26,295 - Velocimacro : allowInlineLocal = false : VMs defined inline will be global in scope if allowed.
2015-08-16 19:52:26,295 - Velocimacro : autoload off : VM system will not automatically reload global library macros
2015-08-16 19:52:26,295 - Velocimacro : autoload off : VM system will not automatically reload global library macros
2015-08-16 19:52:26,297 - ResourceManager : found pom.xml.vm with loader org.apache.velocity.runtime.resource.loader.FileResourceLoader
2015-08-16 19:52:26,297 - ResourceManager : found pom.xml.vm with loader org.apache.velocity.runtime.resource.loader.FileResourceLoader
2015-08-16 19:52:26,297 - Null reference [template 'pom.xml.vm', line 19, column 12] : ${pom.version} cannot be resolved.
2015-08-16 19:52:26,297 - Null reference [template 'pom.xml.vm', line 19, column 12] : ${pom.version} cannot be resolved.
2015-08-16 19:52:26,297 - Null reference [template 'pom.xml.vm', line 24, column 12] : ${pom.version} cannot be resolved.
2015-08-16 19:52:26,297 - Null reference [template 'pom.xml.vm', line 24, column 12] : ${pom.version} cannot be resolved.
2015-08-16 19:52:26,297 - Null reference [template 'pom.xml.vm', line 29, column 12] : ${pom.version} cannot be resolved.
2015-08-16 19:52:26,297 - Null reference [template 'pom.xml.vm', line 29, column 12] : ${pom.version} cannot be resolved.
2015-08-16 19:52:26,297 - Null reference [template 'pom.xml.vm', line 34, column 12] : ${pom.version} cannot be resolved.
2015-08-16 19:52:26,297 - Null reference [template 'pom.xml.vm', line 34, column 12] : ${pom.version} cannot be resolved.
2015-08-16 19:52:26,297 - Null reference [template 'pom.xml.vm', line 60, column 39] : ${pom.version} cannot be resolved.
2015-08-16 19:52:26,297 - Null reference [template 'pom.xml.vm', line 60, column 39] : ${pom.version} cannot be resolved.
2015-08-16 19:52:26,299 - Log4JLogChute initialized using file 'velocity.log'
2015-08-16 19:52:26,299 - Log4JLogChute initialized using file 'velocity.log'
2015-08-16 19:52:26,299 - Log4JLogChute initialized using file 'velocity.log'
2015-08-16 19:52:26,299 - Starting Apache Velocity v1.6.4 (compiled: 2010-04-27 15:31:23)
2015-08-16 19:52:26,299 - Starting Apache Velocity v1.6.4 (compiled: 2010-04-27 15:31:23)
2015-08-16 19:52:26,299 - Starting Apache Velocity v1.6.4 (compiled: 2010-04-27 15:31:23)
2015-08-16 19:52:26,299 - Default Properties File: org/apache/velocity/runtime/defaults/velocity.properties
2015-08-16 19:52:26,299 - Default Properties File: org/apache/velocity/runtime/defaults/velocity.properties
2015-08-16 19:52:26,299 - Default Properties File: org/apache/velocity/runtime/defaults/velocity.properties
2015-08-16 19:52:26,299 - Trying to use logger class org.apache.velocity.runtime.log.AvalonLogChute
2015-08-16 19:52:26,299 - Trying to use logger class org.apache.velocity.runtime.log.AvalonLogChute
2015-08-16 19:52:26,299 - Trying to use logger class org.apache.velocity.runtime.log.AvalonLogChute
2015-08-16 19:52:26,299 - Target log system for org.apache.velocity.runtime.log.AvalonLogChute is not available (java.lang.NoClassDefFoundError: org/apache/log/format/Formatter).  Falling back to next log system...
2015-08-16 19:52:26,299 - Target log system for org.apache.velocity.runtime.log.AvalonLogChute is not available (java.lang.NoClassDefFoundError: org/apache/log/format/Formatter).  Falling back to next log system...
2015-08-16 19:52:26,299 - Target log system for org.apache.velocity.runtime.log.AvalonLogChute is not available (java.lang.NoClassDefFoundError: org/apache/log/format/Formatter).  Falling back to next log system...
2015-08-16 19:52:26,299 - Trying to use logger class org.apache.velocity.runtime.log.Log4JLogChute
2015-08-16 19:52:26,299 - Trying to use logger class org.apache.velocity.runtime.log.Log4JLogChute
2015-08-16 19:52:26,299 - Trying to use logger class org.apache.velocity.runtime.log.Log4JLogChute
2015-08-16 19:52:26,299 - Using logger class org.apache.velocity.runtime.log.Log4JLogChute
2015-08-16 19:52:26,299 - Using logger class org.apache.velocity.runtime.log.Log4JLogChute
2015-08-16 19:52:26,299 - Using logger class org.apache.velocity.runtime.log.Log4JLogChute
2015-08-16 19:52:26,299 - ResourceLoader instantiated: org.apache.velocity.runtime.resource.loader.FileResourceLoader
2015-08-16 19:52:26,299 - ResourceLoader instantiated: org.apache.velocity.runtime.resource.loader.FileResourceLoader
2015-08-16 19:52:26,299 - ResourceLoader instantiated: org.apache.velocity.runtime.resource.loader.FileResourceLoader
2015-08-16 19:52:26,300 - Do unicode file recognition:  false
2015-08-16 19:52:26,300 - Do unicode file recognition:  false
2015-08-16 19:52:26,300 - Do unicode file recognition:  false
2015-08-16 19:52:26,300 - FileResourceLoader : adding path '/Users/chenke/Documents/javawork/template/template.deploy/conf/nginx'
2015-08-16 19:52:26,300 - FileResourceLoader : adding path '/Users/chenke/Documents/javawork/template/template.deploy/conf/nginx'
2015-08-16 19:52:26,300 - FileResourceLoader : adding path '/Users/chenke/Documents/javawork/template/template.deploy/conf/nginx'
2015-08-16 19:52:26,300 - ResourceCache: initialized (class org.apache.velocity.runtime.resource.ResourceCacheImpl) with class java.util.Collections$SynchronizedMap cache map.
2015-08-16 19:52:26,300 - ResourceCache: initialized (class org.apache.velocity.runtime.resource.ResourceCacheImpl) with class java.util.Collections$SynchronizedMap cache map.
2015-08-16 19:52:26,300 - ResourceCache: initialized (class org.apache.velocity.runtime.resource.ResourceCacheImpl) with class java.util.Collections$SynchronizedMap cache map.
2015-08-16 19:52:26,300 - Loaded System Directive: org.apache.velocity.runtime.directive.Define
2015-08-16 19:52:26,300 - Loaded System Directive: org.apache.velocity.runtime.directive.Define
2015-08-16 19:52:26,300 - Loaded System Directive: org.apache.velocity.runtime.directive.Define
2015-08-16 19:52:26,300 - Loaded System Directive: org.apache.velocity.runtime.directive.Break
2015-08-16 19:52:26,300 - Loaded System Directive: org.apache.velocity.runtime.directive.Break
2015-08-16 19:52:26,300 - Loaded System Directive: org.apache.velocity.runtime.directive.Break
2015-08-16 19:52:26,300 - Loaded System Directive: org.apache.velocity.runtime.directive.Evaluate
2015-08-16 19:52:26,300 - Loaded System Directive: org.apache.velocity.runtime.directive.Evaluate
2015-08-16 19:52:26,300 - Loaded System Directive: org.apache.velocity.runtime.directive.Evaluate
2015-08-16 19:52:26,300 - Loaded System Directive: org.apache.velocity.runtime.directive.Literal
2015-08-16 19:52:26,300 - Loaded System Directive: org.apache.velocity.runtime.directive.Literal
2015-08-16 19:52:26,300 - Loaded System Directive: org.apache.velocity.runtime.directive.Literal
2015-08-16 19:52:26,300 - Loaded System Directive: org.apache.velocity.runtime.directive.Macro
2015-08-16 19:52:26,300 - Loaded System Directive: org.apache.velocity.runtime.directive.Macro
2015-08-16 19:52:26,300 - Loaded System Directive: org.apache.velocity.runtime.directive.Macro
2015-08-16 19:52:26,300 - Loaded System Directive: org.apache.velocity.runtime.directive.Parse
2015-08-16 19:52:26,300 - Loaded System Directive: org.apache.velocity.runtime.directive.Parse
2015-08-16 19:52:26,300 - Loaded System Directive: org.apache.velocity.runtime.directive.Parse
2015-08-16 19:52:26,300 - Loaded System Directive: org.apache.velocity.runtime.directive.Include
2015-08-16 19:52:26,300 - Loaded System Directive: org.apache.velocity.runtime.directive.Include
2015-08-16 19:52:26,300 - Loaded System Directive: org.apache.velocity.runtime.directive.Include
2015-08-16 19:52:26,300 - Loaded System Directive: org.apache.velocity.runtime.directive.Foreach
2015-08-16 19:52:26,300 - Loaded System Directive: org.apache.velocity.runtime.directive.Foreach
2015-08-16 19:52:26,300 - Loaded System Directive: org.apache.velocity.runtime.directive.Foreach
2015-08-16 19:52:26,301 - Velocity was not initialized! Calling init()...
2015-08-16 19:52:26,301 - Velocity was not initialized! Calling init()...
2015-08-16 19:52:26,301 - Velocity was not initialized! Calling init()...
2015-08-16 19:52:26,301 - Velocity was not initialized! Calling init()...
2015-08-16 19:52:26,301 - Velocity was not initialized! Calling init()...
2015-08-16 19:52:26,301 - Velocity was not initialized! Calling init()...
2015-08-16 19:52:26,301 - Velocity was not initialized! Calling init()...
2015-08-16 19:52:26,301 - Velocity was not initialized! Calling init()...
2015-08-16 19:52:26,301 - Velocity was not initialized! Calling init()...
2015-08-16 19:52:26,301 - Velocity was not initialized! Calling init()...
2015-08-16 19:52:26,301 - Velocity was not initialized! Calling init()...
2015-08-16 19:52:26,301 - Velocity was not initialized! Calling init()...
2015-08-16 19:52:26,301 - Velocity was not initialized! Calling init()...
2015-08-16 19:52:26,301 - Velocity was not initialized! Calling init()...
2015-08-16 19:52:26,301 - Velocity was not initialized! Calling init()...
2015-08-16 19:52:26,301 - Velocity was not initialized! Calling init()...
2015-08-16 19:52:26,301 - Velocity was not initialized! Calling init()...
2015-08-16 19:52:26,301 - Velocity was not initialized! Calling init()...
2015-08-16 19:52:26,301 - Velocity was not initialized! Calling init()...
2015-08-16 19:52:26,301 - Velocity was not initialized! Calling init()...
2015-08-16 19:52:26,301 - Velocity was not initialized! Calling init()...
2015-08-16 19:52:26,301 - Velocity was not initialized! Calling init()...
2015-08-16 19:52:26,301 - Velocity was not initialized! Calling init()...
2015-08-16 19:52:26,301 - Velocity was not initialized! Calling init()...
2015-08-16 19:52:26,301 - Velocity was not initialized! Calling init()...
2015-08-16 19:52:26,301 - Velocity was not initialized! Calling init()...
2015-08-16 19:52:26,301 - Velocity was not initialized! Calling init()...
2015-08-16 19:52:26,302 - Velocity was not initialized! Calling init()...
2015-08-16 19:52:26,302 - Velocity was not initialized! Calling init()...
2015-08-16 19:52:26,302 - Velocity was not initialized! Calling init()...
2015-08-16 19:52:26,302 - Velocity was not initialized! Calling init()...
2015-08-16 19:52:26,302 - Velocity was not initialized! Calling init()...
2015-08-16 19:52:26,302 - Velocity was not initialized! Calling init()...
2015-08-16 19:52:26,302 - Velocity was not initialized! Calling init()...
2015-08-16 19:52:26,302 - Velocity was not initialized! Calling init()...
2015-08-16 19:52:26,302 - Velocity was not initialized! Calling init()...
2015-08-16 19:52:26,302 - Velocity was not initialized! Calling init()...
2015-08-16 19:52:26,302 - Velocity was not initialized! Calling init()...
2015-08-16 19:52:26,302 - Velocity was not initialized! Calling init()...
2015-08-16 19:52:26,302 - Velocity was not initialized! Calling init()...
2015-08-16 19:52:26,302 - Velocity was not initialized! Calling init()...
2015-08-16 19:52:26,302 - Velocity was not initialized! Calling init()...
2015-08-16 19:52:26,302 - Velocity was not initialized! Calling init()...
2015-08-16 19:52:26,302 - Velocity was not initialized! Calling init()...
2015-08-16 19:52:26,302 - Velocity was not initialized! Calling init()...
2015-08-16 19:52:26,302 - Velocity was not initialized! Calling init()...
2015-08-16 19:52:26,302 - Velocity was not initialized! Calling init()...
2015-08-16 19:52:26,302 - Velocity was not initialized! Calling init()...
2015-08-16 19:52:26,302 - Velocity was not initialized! Calling init()...
2015-08-16 19:52:26,302 - Velocity was not initialized! Calling init()...
2015-08-16 19:52:26,302 - Velocity was not initialized! Calling init()...
2015-08-16 19:52:26,302 - Velocity was not initialized! Calling init()...
2015-08-16 19:52:26,302 - Velocity was not initialized! Calling init()...
2015-08-16 19:52:26,302 - Velocity was not initialized! Calling init()...
2015-08-16 19:52:26,302 - Velocity was not initialized! Calling init()...
2015-08-16 19:52:26,302 - Velocity was not initialized! Calling init()...
2015-08-16 19:52:26,302 - Velocity was not initialized! Calling init()...
2015-08-16 19:52:26,302 - Velocity was not initialized! Calling init()...
2015-08-16 19:52:26,302 - Velocity was not initialized! Calling init()...
2015-08-16 19:52:26,302 - Velocity was not initialized! Calling init()...
2015-08-16 19:52:26,303 - Created '20' parsers.
2015-08-16 19:52:26,303 - Created '20' parsers.
2015-08-16 19:52:26,303 - Created '20' parsers.
2015-08-16 19:52:26,303 - Velocimacro : "velocimacro.library" is not set.  Trying default library: VM_global_library.vm
2015-08-16 19:52:26,303 - Velocimacro : "velocimacro.library" is not set.  Trying default library: VM_global_library.vm
2015-08-16 19:52:26,303 - Velocimacro : "velocimacro.library" is not set.  Trying default library: VM_global_library.vm
2015-08-16 19:52:26,303 - Velocity was not initialized! Calling init()...
2015-08-16 19:52:26,303 - Velocity was not initialized! Calling init()...
2015-08-16 19:52:26,303 - Velocity was not initialized! Calling init()...
2015-08-16 19:52:26,303 - Velocimacro : Default library not found.
2015-08-16 19:52:26,303 - Velocimacro : Default library not found.
2015-08-16 19:52:26,303 - Velocimacro : Default library not found.
2015-08-16 19:52:26,303 - Velocimacro : allowInline = true : VMs can be defined inline in templates
2015-08-16 19:52:26,303 - Velocimacro : allowInline = true : VMs can be defined inline in templates
2015-08-16 19:52:26,303 - Velocimacro : allowInline = true : VMs can be defined inline in templates
2015-08-16 19:52:26,303 - Velocimacro : allowInlineToOverride = false : VMs defined inline may NOT replace previous VM definitions
2015-08-16 19:52:26,303 - Velocimacro : allowInlineToOverride = false : VMs defined inline may NOT replace previous VM definitions
2015-08-16 19:52:26,303 - Velocimacro : allowInlineToOverride = false : VMs defined inline may NOT replace previous VM definitions
2015-08-16 19:52:26,303 - Velocimacro : allowInlineLocal = false : VMs defined inline will be global in scope if allowed.
2015-08-16 19:52:26,303 - Velocimacro : allowInlineLocal = false : VMs defined inline will be global in scope if allowed.
2015-08-16 19:52:26,303 - Velocimacro : allowInlineLocal = false : VMs defined inline will be global in scope if allowed.
2015-08-16 19:52:26,303 - Velocimacro : autoload off : VM system will not automatically reload global library macros
2015-08-16 19:52:26,303 - Velocimacro : autoload off : VM system will not automatically reload global library macros
2015-08-16 19:52:26,303 - Velocimacro : autoload off : VM system will not automatically reload global library macros
2015-08-16 19:52:26,308 - ResourceManager : found nginx.conf.vm with loader org.apache.velocity.runtime.resource.loader.FileResourceLoader
2015-08-16 19:52:26,308 - ResourceManager : found nginx.conf.vm with loader org.apache.velocity.runtime.resource.loader.FileResourceLoader
2015-08-16 19:52:26,308 - ResourceManager : found nginx.conf.vm with loader org.apache.velocity.runtime.resource.loader.FileResourceLoader
2015-08-16 19:52:26,308 - Null reference [template 'nginx.conf.vm', line 6, column 12] : ${app.log.dir.path} cannot be resolved.
2015-08-16 19:52:26,308 - Null reference [template 'nginx.conf.vm', line 6, column 12] : ${app.log.dir.path} cannot be resolved.
2015-08-16 19:52:26,308 - Null reference [template 'nginx.conf.vm', line 6, column 12] : ${app.log.dir.path} cannot be resolved.
2015-08-16 19:52:26,308 - Null reference [template 'nginx.conf.vm', line 24, column 38] : $host cannot be resolved.
2015-08-16 19:52:26,308 - Null reference [template 'nginx.conf.vm', line 24, column 38] : $host cannot be resolved.
2015-08-16 19:52:26,308 - Null reference [template 'nginx.conf.vm', line 24, column 38] : $host cannot be resolved.
2015-08-16 19:52:26,308 - Null reference [template 'nginx.conf.vm', line 24, column 44] : ${app.listen.port} cannot be resolved.
2015-08-16 19:52:26,308 - Null reference [template 'nginx.conf.vm', line 24, column 44] : ${app.listen.port} cannot be resolved.
2015-08-16 19:52:26,308 - Null reference [template 'nginx.conf.vm', line 24, column 44] : ${app.listen.port} cannot be resolved.
2015-08-16 19:52:26,308 - Null reference [template 'nginx.conf.vm', line 26, column 43] : $remote_addr cannot be resolved.
2015-08-16 19:52:26,308 - Null reference [template 'nginx.conf.vm', line 26, column 43] : $remote_addr cannot be resolved.
2015-08-16 19:52:26,308 - Null reference [template 'nginx.conf.vm', line 26, column 43] : $remote_addr cannot be resolved.
2015-08-16 19:52:26,308 - Null reference [template 'nginx.conf.vm', line 28, column 51] : $proxy_add_x_forwarded_for cannot be resolved.
2015-08-16 19:52:26,308 - Null reference [template 'nginx.conf.vm', line 28, column 51] : $proxy_add_x_forwarded_for cannot be resolved.
2015-08-16 19:52:26,308 - Null reference [template 'nginx.conf.vm', line 28, column 51] : $proxy_add_x_forwarded_for cannot be resolved.
2015-08-16 19:52:26,308 - Null reference [template 'nginx.conf.vm', line 48, column 24] : $remote_addr cannot be resolved.
2015-08-16 19:52:26,308 - Null reference [template 'nginx.conf.vm', line 48, column 24] : $remote_addr cannot be resolved.
2015-08-16 19:52:26,308 - Null reference [template 'nginx.conf.vm', line 48, column 24] : $remote_addr cannot be resolved.
2015-08-16 19:52:26,308 - Null reference [template 'nginx.conf.vm', line 48, column 39] : $remote_user cannot be resolved.
2015-08-16 19:52:26,308 - Null reference [template 'nginx.conf.vm', line 48, column 39] : $remote_user cannot be resolved.
2015-08-16 19:52:26,308 - Null reference [template 'nginx.conf.vm', line 48, column 39] : $remote_user cannot be resolved.
2015-08-16 19:52:26,308 - Null reference [template 'nginx.conf.vm', line 48, column 53] : $time_local cannot be resolved.
2015-08-16 19:52:26,308 - Null reference [template 'nginx.conf.vm', line 48, column 53] : $time_local cannot be resolved.
2015-08-16 19:52:26,308 - Null reference [template 'nginx.conf.vm', line 48, column 53] : $time_local cannot be resolved.
2015-08-16 19:52:26,308 - Null reference [template 'nginx.conf.vm', line 48, column 67] : $request cannot be resolved.
2015-08-16 19:52:26,308 - Null reference [template 'nginx.conf.vm', line 48, column 67] : $request cannot be resolved.
2015-08-16 19:52:26,308 - Null reference [template 'nginx.conf.vm', line 48, column 67] : $request cannot be resolved.
2015-08-16 19:52:26,309 - Null reference [template 'nginx.conf.vm', line 49, column 24] : $status cannot be resolved.
2015-08-16 19:52:26,309 - Null reference [template 'nginx.conf.vm', line 49, column 24] : $status cannot be resolved.
2015-08-16 19:52:26,309 - Null reference [template 'nginx.conf.vm', line 49, column 24] : $status cannot be resolved.
2015-08-16 19:52:26,309 - Null reference [template 'nginx.conf.vm', line 49, column 32] : $body_bytes_sent cannot be resolved.
2015-08-16 19:52:26,309 - Null reference [template 'nginx.conf.vm', line 49, column 32] : $body_bytes_sent cannot be resolved.
2015-08-16 19:52:26,309 - Null reference [template 'nginx.conf.vm', line 49, column 32] : $body_bytes_sent cannot be resolved.
2015-08-16 19:52:26,309 - Null reference [template 'nginx.conf.vm', line 49, column 50] : $http_referer cannot be resolved.
2015-08-16 19:52:26,309 - Null reference [template 'nginx.conf.vm', line 49, column 50] : $http_referer cannot be resolved.
2015-08-16 19:52:26,309 - Null reference [template 'nginx.conf.vm', line 49, column 50] : $http_referer cannot be resolved.
2015-08-16 19:52:26,309 - Null reference [template 'nginx.conf.vm', line 50, column 25] : $http_user_agent cannot be resolved.
2015-08-16 19:52:26,309 - Null reference [template 'nginx.conf.vm', line 50, column 25] : $http_user_agent cannot be resolved.
2015-08-16 19:52:26,309 - Null reference [template 'nginx.conf.vm', line 50, column 25] : $http_user_agent cannot be resolved.
2015-08-16 19:52:26,309 - Null reference [template 'nginx.conf.vm', line 50, column 44] : $http_x_forwarded_for cannot be resolved.
2015-08-16 19:52:26,309 - Null reference [template 'nginx.conf.vm', line 50, column 44] : $http_x_forwarded_for cannot be resolved.
2015-08-16 19:52:26,309 - Null reference [template 'nginx.conf.vm', line 50, column 44] : $http_x_forwarded_for cannot be resolved.
2015-08-16 19:52:26,309 - Null reference [template 'nginx.conf.vm', line 52, column 17] : ${app.log.dir.path} cannot be resolved.
2015-08-16 19:52:26,309 - Null reference [template 'nginx.conf.vm', line 52, column 17] : ${app.log.dir.path} cannot be resolved.
2015-08-16 19:52:26,309 - Null reference [template 'nginx.conf.vm', line 52, column 17] : ${app.log.dir.path} cannot be resolved.
2015-08-16 19:52:26,309 - Null reference [template 'nginx.conf.vm', line 67, column 22] : ${app.listen.port} cannot be resolved.
2015-08-16 19:52:26,309 - Null reference [template 'nginx.conf.vm', line 67, column 22] : ${app.listen.port} cannot be resolved.
2015-08-16 19:52:26,309 - Null reference [template 'nginx.conf.vm', line 67, column 22] : ${app.listen.port} cannot be resolved.
2015-08-16 19:52:26,309 - Null reference [template 'nginx.conf.vm', line 68, column 22] : ${app.domain.name} cannot be resolved.
2015-08-16 19:52:26,309 - Null reference [template 'nginx.conf.vm', line 68, column 22] : ${app.domain.name} cannot be resolved.
2015-08-16 19:52:26,309 - Null reference [template 'nginx.conf.vm', line 68, column 22] : ${app.domain.name} cannot be resolved.
2015-08-16 19:52:26,309 - Null reference [template 'nginx.conf.vm', line 75, column 39] : $host cannot be resolved.
2015-08-16 19:52:26,309 - Null reference [template 'nginx.conf.vm', line 75, column 39] : $host cannot be resolved.
2015-08-16 19:52:26,309 - Null reference [template 'nginx.conf.vm', line 75, column 39] : $host cannot be resolved.
2015-08-16 19:52:26,309 - Null reference [template 'nginx.conf.vm', line 76, column 50] : $proxy_add_x_forwarded_for cannot be resolved.
2015-08-16 19:52:26,309 - Null reference [template 'nginx.conf.vm', line 76, column 50] : $proxy_add_x_forwarded_for cannot be resolved.
2015-08-16 19:52:26,309 - Null reference [template 'nginx.conf.vm', line 76, column 50] : $proxy_add_x_forwarded_for cannot be resolved.
2015-08-16 19:52:26,309 - Null reference [template 'nginx.conf.vm', line 77, column 44] : $remote_addr cannot be resolved.
2015-08-16 19:52:26,309 - Null reference [template 'nginx.conf.vm', line 77, column 44] : $remote_addr cannot be resolved.
2015-08-16 19:52:26,309 - Null reference [template 'nginx.conf.vm', line 77, column 44] : $remote_addr cannot be resolved.
2015-08-16 19:52:26,309 - Null reference [template 'nginx.conf.vm', line 81, column 24] : ${app.static.dir} cannot be resolved.
2015-08-16 19:52:26,309 - Null reference [template 'nginx.conf.vm', line 81, column 24] : ${app.static.dir} cannot be resolved.
2015-08-16 19:52:26,309 - Null reference [template 'nginx.conf.vm', line 81, column 24] : ${app.static.dir} cannot be resolved.
2015-08-16 19:52:26,310 - Null reference [template 'nginx.conf.vm', line 112, column 54] : $fastcgi_script_name cannot be resolved.
2015-08-16 19:52:26,310 - Null reference [template 'nginx.conf.vm', line 112, column 54] : $fastcgi_script_name cannot be resolved.
2015-08-16 19:52:26,310 - Null reference [template 'nginx.conf.vm', line 112, column 54] : $fastcgi_script_name cannot be resolved.
2015-08-16 19:52:26,311 - Log4JLogChute initialized using file 'velocity.log'
2015-08-16 19:52:26,311 - Log4JLogChute initialized using file 'velocity.log'
2015-08-16 19:52:26,311 - Log4JLogChute initialized using file 'velocity.log'
2015-08-16 19:52:26,311 - Log4JLogChute initialized using file 'velocity.log'
2015-08-16 19:52:26,311 - Starting Apache Velocity v1.6.4 (compiled: 2010-04-27 15:31:23)
2015-08-16 19:52:26,311 - Starting Apache Velocity v1.6.4 (compiled: 2010-04-27 15:31:23)
2015-08-16 19:52:26,311 - Starting Apache Velocity v1.6.4 (compiled: 2010-04-27 15:31:23)
2015-08-16 19:52:26,311 - Starting Apache Velocity v1.6.4 (compiled: 2010-04-27 15:31:23)
2015-08-16 19:52:26,311 - Default Properties File: org/apache/velocity/runtime/defaults/velocity.properties
2015-08-16 19:52:26,311 - Default Properties File: org/apache/velocity/runtime/defaults/velocity.properties
2015-08-16 19:52:26,311 - Default Properties File: org/apache/velocity/runtime/defaults/velocity.properties
2015-08-16 19:52:26,311 - Default Properties File: org/apache/velocity/runtime/defaults/velocity.properties
2015-08-16 19:52:26,312 - Trying to use logger class org.apache.velocity.runtime.log.AvalonLogChute
2015-08-16 19:52:26,312 - Trying to use logger class org.apache.velocity.runtime.log.AvalonLogChute
2015-08-16 19:52:26,312 - Trying to use logger class org.apache.velocity.runtime.log.AvalonLogChute
2015-08-16 19:52:26,312 - Trying to use logger class org.apache.velocity.runtime.log.AvalonLogChute
2015-08-16 19:52:26,312 - Target log system for org.apache.velocity.runtime.log.AvalonLogChute is not available (java.lang.NoClassDefFoundError: org/apache/log/format/Formatter).  Falling back to next log system...
2015-08-16 19:52:26,312 - Target log system for org.apache.velocity.runtime.log.AvalonLogChute is not available (java.lang.NoClassDefFoundError: org/apache/log/format/Formatter).  Falling back to next log system...
2015-08-16 19:52:26,312 - Target log system for org.apache.velocity.runtime.log.AvalonLogChute is not available (java.lang.NoClassDefFoundError: org/apache/log/format/Formatter).  Falling back to next log system...
2015-08-16 19:52:26,312 - Target log system for org.apache.velocity.runtime.log.AvalonLogChute is not available (java.lang.NoClassDefFoundError: org/apache/log/format/Formatter).  Falling back to next log system...
2015-08-16 19:52:26,312 - Trying to use logger class org.apache.velocity.runtime.log.Log4JLogChute
2015-08-16 19:52:26,312 - Trying to use logger class org.apache.velocity.runtime.log.Log4JLogChute
2015-08-16 19:52:26,312 - Trying to use logger class org.apache.velocity.runtime.log.Log4JLogChute
2015-08-16 19:52:26,312 - Trying to use logger class org.apache.velocity.runtime.log.Log4JLogChute
2015-08-16 19:52:26,312 - Using logger class org.apache.velocity.runtime.log.Log4JLogChute
2015-08-16 19:52:26,312 - Using logger class org.apache.velocity.runtime.log.Log4JLogChute
2015-08-16 19:52:26,312 - Using logger class org.apache.velocity.runtime.log.Log4JLogChute
2015-08-16 19:52:26,312 - Using logger class org.apache.velocity.runtime.log.Log4JLogChute
2015-08-16 19:52:26,312 - ResourceLoader instantiated: org.apache.velocity.runtime.resource.loader.FileResourceLoader
2015-08-16 19:52:26,312 - ResourceLoader instantiated: org.apache.velocity.runtime.resource.loader.FileResourceLoader
2015-08-16 19:52:26,312 - ResourceLoader instantiated: org.apache.velocity.runtime.resource.loader.FileResourceLoader
2015-08-16 19:52:26,312 - ResourceLoader instantiated: org.apache.velocity.runtime.resource.loader.FileResourceLoader
2015-08-16 19:52:26,312 - Do unicode file recognition:  false
2015-08-16 19:52:26,312 - Do unicode file recognition:  false
2015-08-16 19:52:26,312 - Do unicode file recognition:  false
2015-08-16 19:52:26,312 - Do unicode file recognition:  false
2015-08-16 19:52:26,312 - FileResourceLoader : adding path '/Users/chenke/Documents/javawork/template/template.deploy'
2015-08-16 19:52:26,312 - FileResourceLoader : adding path '/Users/chenke/Documents/javawork/template/template.deploy'
2015-08-16 19:52:26,312 - FileResourceLoader : adding path '/Users/chenke/Documents/javawork/template/template.deploy'
2015-08-16 19:52:26,312 - FileResourceLoader : adding path '/Users/chenke/Documents/javawork/template/template.deploy'
2015-08-16 19:52:26,312 - ResourceCache: initialized (class org.apache.velocity.runtime.resource.ResourceCacheImpl) with class java.util.Collections$SynchronizedMap cache map.
2015-08-16 19:52:26,312 - ResourceCache: initialized (class org.apache.velocity.runtime.resource.ResourceCacheImpl) with class java.util.Collections$SynchronizedMap cache map.
2015-08-16 19:52:26,312 - ResourceCache: initialized (class org.apache.velocity.runtime.resource.ResourceCacheImpl) with class java.util.Collections$SynchronizedMap cache map.
2015-08-16 19:52:26,312 - ResourceCache: initialized (class org.apache.velocity.runtime.resource.ResourceCacheImpl) with class java.util.Collections$SynchronizedMap cache map.
2015-08-16 19:52:26,313 - Loaded System Directive: org.apache.velocity.runtime.directive.Define
2015-08-16 19:52:26,313 - Loaded System Directive: org.apache.velocity.runtime.directive.Define
2015-08-16 19:52:26,313 - Loaded System Directive: org.apache.velocity.runtime.directive.Define
2015-08-16 19:52:26,313 - Loaded System Directive: org.apache.velocity.runtime.directive.Define
2015-08-16 19:52:26,313 - Loaded System Directive: org.apache.velocity.runtime.directive.Break
2015-08-16 19:52:26,313 - Loaded System Directive: org.apache.velocity.runtime.directive.Break
2015-08-16 19:52:26,313 - Loaded System Directive: org.apache.velocity.runtime.directive.Break
2015-08-16 19:52:26,313 - Loaded System Directive: org.apache.velocity.runtime.directive.Break
2015-08-16 19:52:26,313 - Loaded System Directive: org.apache.velocity.runtime.directive.Evaluate
2015-08-16 19:52:26,313 - Loaded System Directive: org.apache.velocity.runtime.directive.Evaluate
2015-08-16 19:52:26,313 - Loaded System Directive: org.apache.velocity.runtime.directive.Evaluate
2015-08-16 19:52:26,313 - Loaded System Directive: org.apache.velocity.runtime.directive.Evaluate
2015-08-16 19:52:26,313 - Loaded System Directive: org.apache.velocity.runtime.directive.Literal
2015-08-16 19:52:26,313 - Loaded System Directive: org.apache.velocity.runtime.directive.Literal
2015-08-16 19:52:26,313 - Loaded System Directive: org.apache.velocity.runtime.directive.Literal
2015-08-16 19:52:26,313 - Loaded System Directive: org.apache.velocity.runtime.directive.Literal
2015-08-16 19:52:26,313 - Loaded System Directive: org.apache.velocity.runtime.directive.Macro
2015-08-16 19:52:26,313 - Loaded System Directive: org.apache.velocity.runtime.directive.Macro
2015-08-16 19:52:26,313 - Loaded System Directive: org.apache.velocity.runtime.directive.Macro
2015-08-16 19:52:26,313 - Loaded System Directive: org.apache.velocity.runtime.directive.Macro
2015-08-16 19:52:26,313 - Loaded System Directive: org.apache.velocity.runtime.directive.Parse
2015-08-16 19:52:26,313 - Loaded System Directive: org.apache.velocity.runtime.directive.Parse
2015-08-16 19:52:26,313 - Loaded System Directive: org.apache.velocity.runtime.directive.Parse
2015-08-16 19:52:26,313 - Loaded System Directive: org.apache.velocity.runtime.directive.Parse
2015-08-16 19:52:26,313 - Loaded System Directive: org.apache.velocity.runtime.directive.Include
2015-08-16 19:52:26,313 - Loaded System Directive: org.apache.velocity.runtime.directive.Include
2015-08-16 19:52:26,313 - Loaded System Directive: org.apache.velocity.runtime.directive.Include
2015-08-16 19:52:26,313 - Loaded System Directive: org.apache.velocity.runtime.directive.Include
2015-08-16 19:52:26,313 - Loaded System Directive: org.apache.velocity.runtime.directive.Foreach
2015-08-16 19:52:26,313 - Loaded System Directive: org.apache.velocity.runtime.directive.Foreach
2015-08-16 19:52:26,313 - Loaded System Directive: org.apache.velocity.runtime.directive.Foreach
2015-08-16 19:52:26,313 - Loaded System Directive: org.apache.velocity.runtime.directive.Foreach
2015-08-16 19:52:26,313 - Velocity was not initialized! Calling init()...
2015-08-16 19:52:26,313 - Velocity was not initialized! Calling init()...
2015-08-16 19:52:26,313 - Velocity was not initialized! Calling init()...
2015-08-16 19:52:26,313 - Velocity was not initialized! Calling init()...
2015-08-16 19:52:26,313 - Velocity was not initialized! Calling init()...
2015-08-16 19:52:26,313 - Velocity was not initialized! Calling init()...
2015-08-16 19:52:26,313 - Velocity was not initialized! Calling init()...
2015-08-16 19:52:26,313 - Velocity was not initialized! Calling init()...
2015-08-16 19:52:26,313 - Velocity was not initialized! Calling init()...
2015-08-16 19:52:26,313 - Velocity was not initialized! Calling init()...
2015-08-16 19:52:26,313 - Velocity was not initialized! Calling init()...
2015-08-16 19:52:26,313 - Velocity was not initialized! Calling init()...
2015-08-16 19:52:26,313 - Velocity was not initialized! Calling init()...
2015-08-16 19:52:26,313 - Velocity was not initialized! Calling init()...
2015-08-16 19:52:26,313 - Velocity was not initialized! Calling init()...
2015-08-16 19:52:26,313 - Velocity was not initialized! Calling init()...
2015-08-16 19:52:26,314 - Velocity was not initialized! Calling init()...
2015-08-16 19:52:26,314 - Velocity was not initialized! Calling init()...
2015-08-16 19:52:26,314 - Velocity was not initialized! Calling init()...
2015-08-16 19:52:26,314 - Velocity was not initialized! Calling init()...
2015-08-16 19:52:26,314 - Velocity was not initialized! Calling init()...
2015-08-16 19:52:26,314 - Velocity was not initialized! Calling init()...
2015-08-16 19:52:26,314 - Velocity was not initialized! Calling init()...
2015-08-16 19:52:26,314 - Velocity was not initialized! Calling init()...
2015-08-16 19:52:26,314 - Velocity was not initialized! Calling init()...
2015-08-16 19:52:26,314 - Velocity was not initialized! Calling init()...
2015-08-16 19:52:26,314 - Velocity was not initialized! Calling init()...
2015-08-16 19:52:26,314 - Velocity was not initialized! Calling init()...
2015-08-16 19:52:26,314 - Velocity was not initialized! Calling init()...
2015-08-16 19:52:26,314 - Velocity was not initialized! Calling init()...
2015-08-16 19:52:26,314 - Velocity was not initialized! Calling init()...
2015-08-16 19:52:26,314 - Velocity was not initialized! Calling init()...
2015-08-16 19:52:26,314 - Velocity was not initialized! Calling init()...
2015-08-16 19:52:26,314 - Velocity was not initialized! Calling init()...
2015-08-16 19:52:26,314 - Velocity was not initialized! Calling init()...
2015-08-16 19:52:26,314 - Velocity was not initialized! Calling init()...
2015-08-16 19:52:26,314 - Velocity was not initialized! Calling init()...
2015-08-16 19:52:26,314 - Velocity was not initialized! Calling init()...
2015-08-16 19:52:26,314 - Velocity was not initialized! Calling init()...
2015-08-16 19:52:26,314 - Velocity was not initialized! Calling init()...
2015-08-16 19:52:26,314 - Velocity was not initialized! Calling init()...
2015-08-16 19:52:26,314 - Velocity was not initialized! Calling init()...
2015-08-16 19:52:26,314 - Velocity was not initialized! Calling init()...
2015-08-16 19:52:26,314 - Velocity was not initialized! Calling init()...
2015-08-16 19:52:26,314 - Velocity was not initialized! Calling init()...
2015-08-16 19:52:26,314 - Velocity was not initialized! Calling init()...
2015-08-16 19:52:26,314 - Velocity was not initialized! Calling init()...
2015-08-16 19:52:26,314 - Velocity was not initialized! Calling init()...
2015-08-16 19:52:26,314 - Velocity was not initialized! Calling init()...
2015-08-16 19:52:26,314 - Velocity was not initialized! Calling init()...
2015-08-16 19:52:26,314 - Velocity was not initialized! Calling init()...
2015-08-16 19:52:26,314 - Velocity was not initialized! Calling init()...
2015-08-16 19:52:26,314 - Velocity was not initialized! Calling init()...
2015-08-16 19:52:26,314 - Velocity was not initialized! Calling init()...
2015-08-16 19:52:26,314 - Velocity was not initialized! Calling init()...
2015-08-16 19:52:26,314 - Velocity was not initialized! Calling init()...
2015-08-16 19:52:26,315 - Velocity was not initialized! Calling init()...
2015-08-16 19:52:26,315 - Velocity was not initialized! Calling init()...
2015-08-16 19:52:26,315 - Velocity was not initialized! Calling init()...
2015-08-16 19:52:26,315 - Velocity was not initialized! Calling init()...
2015-08-16 19:52:26,315 - Velocity was not initialized! Calling init()...
2015-08-16 19:52:26,315 - Velocity was not initialized! Calling init()...
2015-08-16 19:52:26,315 - Velocity was not initialized! Calling init()...
2015-08-16 19:52:26,315 - Velocity was not initialized! Calling init()...
2015-08-16 19:52:26,315 - Velocity was not initialized! Calling init()...
2015-08-16 19:52:26,315 - Velocity was not initialized! Calling init()...
2015-08-16 19:52:26,315 - Velocity was not initialized! Calling init()...
2015-08-16 19:52:26,315 - Velocity was not initialized! Calling init()...
2015-08-16 19:52:26,315 - Velocity was not initialized! Calling init()...
2015-08-16 19:52:26,315 - Velocity was not initialized! Calling init()...
2015-08-16 19:52:26,315 - Velocity was not initialized! Calling init()...
2015-08-16 19:52:26,315 - Velocity was not initialized! Calling init()...
2015-08-16 19:52:26,315 - Velocity was not initialized! Calling init()...
2015-08-16 19:52:26,315 - Velocity was not initialized! Calling init()...
2015-08-16 19:52:26,315 - Velocity was not initialized! Calling init()...
2015-08-16 19:52:26,315 - Velocity was not initialized! Calling init()...
2015-08-16 19:52:26,315 - Velocity was not initialized! Calling init()...
2015-08-16 19:52:26,315 - Velocity was not initialized! Calling init()...
2015-08-16 19:52:26,315 - Velocity was not initialized! Calling init()...
2015-08-16 19:52:26,315 - Velocity was not initialized! Calling init()...
2015-08-16 19:52:26,315 - Created '20' parsers.
2015-08-16 19:52:26,315 - Created '20' parsers.
2015-08-16 19:52:26,315 - Created '20' parsers.
2015-08-16 19:52:26,315 - Created '20' parsers.
2015-08-16 19:52:26,315 - Velocimacro : "velocimacro.library" is not set.  Trying default library: VM_global_library.vm
2015-08-16 19:52:26,315 - Velocimacro : "velocimacro.library" is not set.  Trying default library: VM_global_library.vm
2015-08-16 19:52:26,315 - Velocimacro : "velocimacro.library" is not set.  Trying default library: VM_global_library.vm
2015-08-16 19:52:26,315 - Velocimacro : "velocimacro.library" is not set.  Trying default library: VM_global_library.vm
2015-08-16 19:52:26,315 - Velocity was not initialized! Calling init()...
2015-08-16 19:52:26,315 - Velocity was not initialized! Calling init()...
2015-08-16 19:52:26,315 - Velocity was not initialized! Calling init()...
2015-08-16 19:52:26,315 - Velocity was not initialized! Calling init()...
2015-08-16 19:52:26,316 - Velocimacro : Default library not found.
2015-08-16 19:52:26,316 - Velocimacro : Default library not found.
2015-08-16 19:52:26,316 - Velocimacro : Default library not found.
2015-08-16 19:52:26,316 - Velocimacro : Default library not found.
2015-08-16 19:52:26,316 - Velocimacro : allowInline = true : VMs can be defined inline in templates
2015-08-16 19:52:26,316 - Velocimacro : allowInline = true : VMs can be defined inline in templates
2015-08-16 19:52:26,316 - Velocimacro : allowInline = true : VMs can be defined inline in templates
2015-08-16 19:52:26,316 - Velocimacro : allowInline = true : VMs can be defined inline in templates
2015-08-16 19:52:26,316 - Velocimacro : allowInlineToOverride = false : VMs defined inline may NOT replace previous VM definitions
2015-08-16 19:52:26,316 - Velocimacro : allowInlineToOverride = false : VMs defined inline may NOT replace previous VM definitions
2015-08-16 19:52:26,316 - Velocimacro : allowInlineToOverride = false : VMs defined inline may NOT replace previous VM definitions
2015-08-16 19:52:26,316 - Velocimacro : allowInlineToOverride = false : VMs defined inline may NOT replace previous VM definitions
2015-08-16 19:52:26,316 - Velocimacro : allowInlineLocal = false : VMs defined inline will be global in scope if allowed.
2015-08-16 19:52:26,316 - Velocimacro : allowInlineLocal = false : VMs defined inline will be global in scope if allowed.
2015-08-16 19:52:26,316 - Velocimacro : allowInlineLocal = false : VMs defined inline will be global in scope if allowed.
2015-08-16 19:52:26,316 - Velocimacro : allowInlineLocal = false : VMs defined inline will be global in scope if allowed.
2015-08-16 19:52:26,316 - Velocimacro : autoload off : VM system will not automatically reload global library macros
2015-08-16 19:52:26,316 - Velocimacro : autoload off : VM system will not automatically reload global library macros
2015-08-16 19:52:26,316 - Velocimacro : autoload off : VM system will not automatically reload global library macros
2015-08-16 19:52:26,316 - Velocimacro : autoload off : VM system will not automatically reload global library macros
2015-08-16 19:52:26,317 - ResourceManager : found pom.xml.vm with loader org.apache.velocity.runtime.resource.loader.FileResourceLoader
2015-08-16 19:52:26,317 - ResourceManager : found pom.xml.vm with loader org.apache.velocity.runtime.resource.loader.FileResourceLoader
2015-08-16 19:52:26,317 - ResourceManager : found pom.xml.vm with loader org.apache.velocity.runtime.resource.loader.FileResourceLoader
2015-08-16 19:52:26,317 - ResourceManager : found pom.xml.vm with loader org.apache.velocity.runtime.resource.loader.FileResourceLoader
2015-08-16 19:52:26,318 - Null reference [template 'pom.xml.vm', line 19, column 12] : ${pom.version} cannot be resolved.
2015-08-16 19:52:26,318 - Null reference [template 'pom.xml.vm', line 19, column 12] : ${pom.version} cannot be resolved.
2015-08-16 19:52:26,318 - Null reference [template 'pom.xml.vm', line 19, column 12] : ${pom.version} cannot be resolved.
2015-08-16 19:52:26,318 - Null reference [template 'pom.xml.vm', line 19, column 12] : ${pom.version} cannot be resolved.
2015-08-16 19:52:26,318 - Null reference [template 'pom.xml.vm', line 24, column 15] : ${basedir} cannot be resolved.
2015-08-16 19:52:26,318 - Null reference [template 'pom.xml.vm', line 24, column 15] : ${basedir} cannot be resolved.
2015-08-16 19:52:26,318 - Null reference [template 'pom.xml.vm', line 24, column 15] : ${basedir} cannot be resolved.
2015-08-16 19:52:26,318 - Null reference [template 'pom.xml.vm', line 24, column 15] : ${basedir} cannot be resolved.
2015-08-16 19:52:26,318 - Null reference [template 'pom.xml.vm', line 74, column 42] : ${pom.version} cannot be resolved.
2015-08-16 19:52:26,318 - Null reference [template 'pom.xml.vm', line 74, column 42] : ${pom.version} cannot be resolved.
2015-08-16 19:52:26,318 - Null reference [template 'pom.xml.vm', line 74, column 42] : ${pom.version} cannot be resolved.
2015-08-16 19:52:26,318 - Null reference [template 'pom.xml.vm', line 74, column 42] : ${pom.version} cannot be resolved.
2015-08-16 19:52:26,318 - Null reference [template 'pom.xml.vm', line 86, column 109] : ${basedir} cannot be resolved.
2015-08-16 19:52:26,318 - Null reference [template 'pom.xml.vm', line 86, column 109] : ${basedir} cannot be resolved.
2015-08-16 19:52:26,318 - Null reference [template 'pom.xml.vm', line 86, column 109] : ${basedir} cannot be resolved.
2015-08-16 19:52:26,318 - Null reference [template 'pom.xml.vm', line 86, column 109] : ${basedir} cannot be resolved.
2015-08-16 19:52:26,318 - Null reference [template 'pom.xml.vm', line 87, column 51] : ${basedir} cannot be resolved.
2015-08-16 19:52:26,318 - Null reference [template 'pom.xml.vm', line 87, column 51] : ${basedir} cannot be resolved.
2015-08-16 19:52:26,318 - Null reference [template 'pom.xml.vm', line 87, column 51] : ${basedir} cannot be resolved.
2015-08-16 19:52:26,318 - Null reference [template 'pom.xml.vm', line 87, column 51] : ${basedir} cannot be resolved.
2015-08-16 19:52:26,318 - Null reference [template 'pom.xml.vm', line 88, column 39] : ${basedir} cannot be resolved.
2015-08-16 19:52:26,318 - Null reference [template 'pom.xml.vm', line 88, column 39] : ${basedir} cannot be resolved.
2015-08-16 19:52:26,318 - Null reference [template 'pom.xml.vm', line 88, column 39] : ${basedir} cannot be resolved.
2015-08-16 19:52:26,318 - Null reference [template 'pom.xml.vm', line 88, column 39] : ${basedir} cannot be resolved.
2015-08-16 19:52:26,318 - Null reference [template 'pom.xml.vm', line 89, column 38] : ${basedir} cannot be resolved.
2015-08-16 19:52:26,318 - Null reference [template 'pom.xml.vm', line 89, column 38] : ${basedir} cannot be resolved.
2015-08-16 19:52:26,318 - Null reference [template 'pom.xml.vm', line 89, column 38] : ${basedir} cannot be resolved.
2015-08-16 19:52:26,318 - Null reference [template 'pom.xml.vm', line 89, column 38] : ${basedir} cannot be resolved.
2015-08-16 19:52:26,318 - Null reference [template 'pom.xml.vm', line 91, column 44] : ${basedir} cannot be resolved.
2015-08-16 19:52:26,318 - Null reference [template 'pom.xml.vm', line 91, column 44] : ${basedir} cannot be resolved.
2015-08-16 19:52:26,318 - Null reference [template 'pom.xml.vm', line 91, column 44] : ${basedir} cannot be resolved.
2015-08-16 19:52:26,318 - Null reference [template 'pom.xml.vm', line 91, column 44] : ${basedir} cannot be resolved.
2015-08-16 19:52:26,318 - Null reference [template 'pom.xml.vm', line 92, column 52] : ${basedir} cannot be resolved.
2015-08-16 19:52:26,318 - Null reference [template 'pom.xml.vm', line 92, column 52] : ${basedir} cannot be resolved.
2015-08-16 19:52:26,318 - Null reference [template 'pom.xml.vm', line 92, column 52] : ${basedir} cannot be resolved.
2015-08-16 19:52:26,318 - Null reference [template 'pom.xml.vm', line 92, column 52] : ${basedir} cannot be resolved.
2015-08-16 19:52:26,319 - Null reference [template 'pom.xml.vm', line 94, column 45] : ${basedir} cannot be resolved.
2015-08-16 19:52:26,319 - Null reference [template 'pom.xml.vm', line 94, column 45] : ${basedir} cannot be resolved.
2015-08-16 19:52:26,319 - Null reference [template 'pom.xml.vm', line 94, column 45] : ${basedir} cannot be resolved.
2015-08-16 19:52:26,319 - Null reference [template 'pom.xml.vm', line 94, column 45] : ${basedir} cannot be resolved.
2015-08-16 19:52:26,319 - Null reference [template 'pom.xml.vm', line 94, column 103] : ${pom.version} cannot be resolved.
2015-08-16 19:52:26,319 - Null reference [template 'pom.xml.vm', line 94, column 103] : ${pom.version} cannot be resolved.
2015-08-16 19:52:26,319 - Null reference [template 'pom.xml.vm', line 94, column 103] : ${pom.version} cannot be resolved.
2015-08-16 19:52:26,319 - Null reference [template 'pom.xml.vm', line 94, column 103] : ${pom.version} cannot be resolved.
2015-08-16 19:52:26,319 - Null reference [template 'pom.xml.vm', line 95, column 63] : ${basedir} cannot be resolved.
2015-08-16 19:52:26,319 - Null reference [template 'pom.xml.vm', line 95, column 63] : ${basedir} cannot be resolved.
2015-08-16 19:52:26,319 - Null reference [template 'pom.xml.vm', line 95, column 63] : ${basedir} cannot be resolved.
2015-08-16 19:52:26,319 - Null reference [template 'pom.xml.vm', line 95, column 63] : ${basedir} cannot be resolved.
